<?xml version="1.0" encoding="UTF-8"?>
<coverage generated="1648300750206" clover="3.2.0">
  <project timestamp="1648300750206" name="All files">
    <metrics statements="47" coveredstatements="36" conditionals="1" coveredconditionals="0" methods="14" coveredmethods="10" elements="62" coveredelements="46" complexity="0" loc="47" ncloc="47" packages="4" files="7" classes="7"/>
    <package name="apartments">
      <metrics statements="26" coveredstatements="21" conditionals="1" coveredconditionals="0" methods="7" coveredmethods="5"/>
      <file name="HomeCard.vue" path="C:\Users\Jesus Rodriguez\Documents\SKYLAB CODER - BOOTCAMP\bootcamp\Jesus-Rodriguez_Front-Final-Project-202201-MAD\src\components\apartments\HomeCard.vue">
        <metrics statements="3" coveredstatements="3" conditionals="0" coveredconditionals="0" methods="1" coveredmethods="1"/>
        <line num="16" count="2" type="stmt"/>
        <line num="18" count="2" type="stmt"/>
        <line num="21" count="1" type="stmt"/>
      </file>
      <file name="HomeDetail.vue" path="C:\Users\Jesus Rodriguez\Documents\SKYLAB CODER - BOOTCAMP\bootcamp\Jesus-Rodriguez_Front-Final-Project-202201-MAD\src\components\apartments\HomeDetail.vue">
        <metrics statements="9" coveredstatements="7" conditionals="0" coveredconditionals="0" methods="3" coveredmethods="2"/>
        <line num="41" count="1" type="stmt"/>
        <line num="42" count="1" type="stmt"/>
        <line num="43" count="1" type="stmt"/>
        <line num="45" count="1" type="stmt"/>
        <line num="48" count="1" type="stmt"/>
        <line num="66" count="0" type="stmt"/>
        <line num="70" count="1" type="stmt"/>
        <line num="71" count="1" type="stmt"/>
        <line num="72" count="0" type="stmt"/>
      </file>
      <file name="HomePage.vue" path="C:\Users\Jesus Rodriguez\Documents\SKYLAB CODER - BOOTCAMP\bootcamp\Jesus-Rodriguez_Front-Final-Project-202201-MAD\src\components\apartments\HomePage.vue">
        <metrics statements="10" coveredstatements="8" conditionals="1" coveredconditionals="0" methods="2" coveredmethods="2"/>
        <line num="33" count="1" type="stmt"/>
        <line num="34" count="1" type="stmt"/>
        <line num="35" count="1" type="stmt"/>
        <line num="36" count="1" type="stmt"/>
        <line num="37" count="1" type="stmt"/>
        <line num="39" count="1" type="stmt"/>
        <line num="41" count="1" type="stmt"/>
        <line num="55" count="1" type="cond" truecount="0" falsecount="1"/>
        <line num="56" count="0" type="stmt"/>
        <line num="57" count="0" type="stmt"/>
      </file>
      <file name="MyApartmentsActions.vue" path="C:\Users\Jesus Rodriguez\Documents\SKYLAB CODER - BOOTCAMP\bootcamp\Jesus-Rodriguez_Front-Final-Project-202201-MAD\src\components\apartments\MyApartmentsActions.vue">
        <metrics statements="4" coveredstatements="3" conditionals="0" coveredconditionals="0" methods="1" coveredmethods="0"/>
        <line num="14" count="1" type="stmt"/>
        <line num="15" count="1" type="stmt"/>
        <line num="17" count="1" type="stmt"/>
        <line num="20" count="0" type="stmt"/>
      </file>
    </package>
    <package name="incidents">
      <metrics statements="11" coveredstatements="5" conditionals="0" coveredconditionals="0" methods="3" coveredmethods="1"/>
      <file name="NewIncidents.vue" path="C:\Users\Jesus Rodriguez\Documents\SKYLAB CODER - BOOTCAMP\bootcamp\Jesus-Rodriguez_Front-Final-Project-202201-MAD\src\components\incidents\NewIncidents.vue">
        <metrics statements="11" coveredstatements="5" conditionals="0" coveredconditionals="0" methods="3" coveredmethods="1"/>
        <line num="74" count="1" type="stmt"/>
        <line num="75" count="1" type="stmt"/>
        <line num="76" count="1" type="stmt"/>
        <line num="78" count="1" type="stmt"/>
        <line num="81" count="1" type="stmt"/>
        <line num="121" count="0" type="stmt"/>
        <line num="122" count="0" type="stmt"/>
        <line num="127" count="0" type="stmt"/>
        <line num="128" count="0" type="stmt"/>
        <line num="129" count="0" type="stmt"/>
        <line num="131" count="0" type="stmt"/>
      </file>
    </package>
    <package name="login">
      <metrics statements="7" coveredstatements="7" conditionals="0" coveredconditionals="0" methods="3" coveredmethods="3"/>
      <file name="LoginPage.vue" path="C:\Users\Jesus Rodriguez\Documents\SKYLAB CODER - BOOTCAMP\bootcamp\Jesus-Rodriguez_Front-Final-Project-202201-MAD\src\components\login\LoginPage.vue">
        <metrics statements="7" coveredstatements="7" conditionals="0" coveredconditionals="0" methods="3" coveredmethods="3"/>
        <line num="40" count="1" type="stmt"/>
        <line num="41" count="1" type="stmt"/>
        <line num="43" count="1" type="stmt"/>
        <line num="46" count="3" type="stmt"/>
        <line num="59" count="3" type="stmt"/>
        <line num="64" count="1" type="stmt"/>
        <line num="65" count="1" type="stmt"/>
      </file>
    </package>
    <package name="user">
      <metrics statements="3" coveredstatements="3" conditionals="0" coveredconditionals="0" methods="1" coveredmethods="1"/>
      <file name="UserDetail.vue" path="C:\Users\Jesus Rodriguez\Documents\SKYLAB CODER - BOOTCAMP\bootcamp\Jesus-Rodriguez_Front-Final-Project-202201-MAD\src\components\user\UserDetail.vue">
        <metrics statements="3" coveredstatements="3" conditionals="0" coveredconditionals="0" methods="1" coveredmethods="1"/>
        <line num="15" count="2" type="stmt"/>
        <line num="17" count="2" type="stmt"/>
        <line num="20" count="1" type="stmt"/>
      </file>
    </package>
  </project>
</coverage>
