<?xml version="1.0" encoding="UTF-8"?>
<coverage generated="1648567280163" clover="3.2.0">
  <project timestamp="1648567280163" name="All files">
    <metrics statements="286" coveredstatements="273" conditionals="28" coveredconditionals="22" methods="71" coveredmethods="63" elements="385" coveredelements="358" complexity="0" loc="286" ncloc="286" packages="9" files="20" classes="20"/>
    <package name="src">
      <metrics statements="6" coveredstatements="6" conditionals="0" coveredconditionals="0" methods="0" coveredmethods="0"/>
      <file name="firebase.ts" path="C:\Users\Jesus Rodriguez\Documents\SKYLAB CODER - BOOTCAMP\bootcamp\Jesus-Rodriguez_Front-Final-Project-202201-MAD\src\firebase.ts">
        <metrics statements="6" coveredstatements="6" conditionals="0" coveredconditionals="0" methods="0" coveredmethods="0"/>
        <line num="1" count="10" type="stmt"/>
        <line num="2" count="10" type="stmt"/>
        <line num="3" count="10" type="stmt"/>
        <line num="8" count="10" type="stmt"/>
        <line num="18" count="10" type="stmt"/>
        <line num="20" count="10" type="stmt"/>
      </file>
    </package>
    <package name="src._services">
      <metrics statements="49" coveredstatements="48" conditionals="0" coveredconditionals="0" methods="16" coveredmethods="15"/>
      <file name="apartment.service.ts" path="C:\Users\Jesus Rodriguez\Documents\SKYLAB CODER - BOOTCAMP\bootcamp\Jesus-Rodriguez_Front-Final-Project-202201-MAD\src\_services\apartment.service.ts">
        <metrics statements="19" coveredstatements="19" conditionals="0" coveredconditionals="0" methods="6" coveredmethods="6"/>
        <line num="1" count="1" type="stmt"/>
        <line num="3" count="1" type="stmt"/>
        <line num="5" count="1" type="stmt"/>
        <line num="6" count="1" type="stmt"/>
        <line num="8" count="1" type="stmt"/>
        <line num="9" count="1" type="stmt"/>
        <line num="16" count="1" type="stmt"/>
        <line num="17" count="1" type="stmt"/>
        <line num="20" count="1" type="stmt"/>
        <line num="21" count="1" type="stmt"/>
        <line num="28" count="1" type="stmt"/>
        <line num="29" count="1" type="stmt"/>
        <line num="36" count="1" type="stmt"/>
        <line num="37" count="1" type="stmt"/>
        <line num="38" count="1" type="stmt"/>
        <line num="45" count="1" type="stmt"/>
        <line num="46" count="1" type="stmt"/>
        <line num="47" count="1" type="stmt"/>
        <line num="48" count="1" type="stmt"/>
      </file>
      <file name="incident.service.ts" path="C:\Users\Jesus Rodriguez\Documents\SKYLAB CODER - BOOTCAMP\bootcamp\Jesus-Rodriguez_Front-Final-Project-202201-MAD\src\_services\incident.service.ts">
        <metrics statements="12" coveredstatements="12" conditionals="0" coveredconditionals="0" methods="4" coveredmethods="4"/>
        <line num="1" count="1" type="stmt"/>
        <line num="2" count="1" type="stmt"/>
        <line num="5" count="1" type="stmt"/>
        <line num="7" count="1" type="stmt"/>
        <line num="8" count="1" type="stmt"/>
        <line num="15" count="1" type="stmt"/>
        <line num="16" count="1" type="stmt"/>
        <line num="23" count="1" type="stmt"/>
        <line num="24" count="1" type="stmt"/>
        <line num="31" count="1" type="stmt"/>
        <line num="32" count="1" type="stmt"/>
        <line num="33" count="1" type="stmt"/>
      </file>
      <file name="user.service.ts" path="C:\Users\Jesus Rodriguez\Documents\SKYLAB CODER - BOOTCAMP\bootcamp\Jesus-Rodriguez_Front-Final-Project-202201-MAD\src\_services\user.service.ts">
        <metrics statements="18" coveredstatements="17" conditionals="0" coveredconditionals="0" methods="6" coveredmethods="5"/>
        <line num="1" count="1" type="stmt"/>
        <line num="2" count="1" type="stmt"/>
        <line num="5" count="1" type="stmt"/>
        <line num="6" count="1" type="stmt"/>
        <line num="7" count="1" type="stmt"/>
        <line num="9" count="1" type="stmt"/>
        <line num="10" count="1" type="stmt"/>
        <line num="12" count="1" type="stmt"/>
        <line num="13" count="1" type="stmt"/>
        <line num="16" count="1" type="stmt"/>
        <line num="17" count="1" type="stmt"/>
        <line num="28" count="1" type="stmt"/>
        <line num="30" count="0" type="stmt"/>
        <line num="33" count="1" type="stmt"/>
        <line num="35" count="1" type="stmt"/>
        <line num="36" count="1" type="stmt"/>
        <line num="43" count="1" type="stmt"/>
        <line num="44" count="1" type="stmt"/>
      </file>
    </package>
    <package name="src._utils">
      <metrics statements="2" coveredstatements="2" conditionals="0" coveredconditionals="0" methods="1" coveredmethods="1"/>
      <file name="helper.ts" path="C:\Users\Jesus Rodriguez\Documents\SKYLAB CODER - BOOTCAMP\bootcamp\Jesus-Rodriguez_Front-Final-Project-202201-MAD\src\_utils\helper.ts">
        <metrics statements="2" coveredstatements="2" conditionals="0" coveredconditionals="0" methods="1" coveredmethods="1"/>
        <line num="1" count="3" type="stmt"/>
        <line num="2" count="7" type="stmt"/>
      </file>
    </package>
    <package name="src.components.apartments">
      <metrics statements="102" coveredstatements="95" conditionals="13" coveredconditionals="10" methods="27" coveredmethods="24"/>
      <file name="AddTenant.vue" path="C:\Users\Jesus Rodriguez\Documents\SKYLAB CODER - BOOTCAMP\bootcamp\Jesus-Rodriguez_Front-Final-Project-202201-MAD\src\components\apartments\AddTenant.vue">
        <metrics statements="17" coveredstatements="17" conditionals="2" coveredconditionals="2" methods="6" coveredmethods="6"/>
        <line num="41" count="10" type="stmt"/>
        <line num="42" count="10" type="stmt"/>
        <line num="43" count="10" type="stmt"/>
        <line num="45" count="10" type="stmt"/>
        <line num="47" count="10" type="stmt"/>
        <line num="51" count="3" type="stmt"/>
        <line num="67" count="2" type="stmt"/>
        <line num="68" count="2" type="stmt"/>
        <line num="73" count="3" type="stmt"/>
        <line num="74" count="3" type="stmt"/>
        <line num="75" count="3" type="cond" truecount="1" falsecount="0"/>
        <line num="76" count="3" type="stmt"/>
        <line num="78" count="3" type="cond" truecount="1" falsecount="0"/>
        <line num="79" count="3" type="stmt"/>
        <line num="80" count="3" type="stmt"/>
        <line num="87" count="1" type="stmt"/>
        <line num="88" count="1" type="stmt"/>
      </file>
      <file name="EditApartment.vue" path="C:\Users\Jesus Rodriguez\Documents\SKYLAB CODER - BOOTCAMP\bootcamp\Jesus-Rodriguez_Front-Final-Project-202201-MAD\src\components\apartments\EditApartment.vue">
        <metrics statements="36" coveredstatements="34" conditionals="6" coveredconditionals="5" methods="8" coveredmethods="7"/>
        <line num="67" count="10" type="stmt"/>
        <line num="68" count="10" type="stmt"/>
        <line num="69" count="10" type="stmt"/>
        <line num="70" count="10" type="stmt"/>
        <line num="71" count="10" type="stmt"/>
        <line num="72" count="10" type="stmt"/>
        <line num="73" count="10" type="stmt"/>
        <line num="75" count="10" type="stmt"/>
        <line num="79" count="2" type="stmt"/>
        <line num="100" count="2" type="stmt"/>
        <line num="101" count="2" type="stmt"/>
        <line num="102" count="2" type="cond" truecount="3" falsecount="0"/>
        <line num="103" count="2" type="stmt"/>
        <line num="104" count="2" type="stmt"/>
        <line num="105" count="2" type="stmt"/>
        <line num="106" count="2" type="stmt"/>
        <line num="107" count="2" type="stmt"/>
        <line num="108" count="2" type="stmt"/>
        <line num="110" count="2" type="stmt"/>
        <line num="113" count="2" type="cond" truecount="1" falsecount="0"/>
        <line num="114" count="2" type="stmt"/>
        <line num="120" count="1" type="stmt"/>
        <line num="121" count="1" type="stmt"/>
        <line num="122" count="1" type="stmt"/>
        <line num="123" count="1" type="stmt"/>
        <line num="127" count="1" type="stmt"/>
        <line num="138" count="0" type="stmt"/>
        <line num="140" count="1" type="stmt"/>
        <line num="141" count="1" type="stmt"/>
        <line num="142" count="1" type="stmt"/>
        <line num="143" count="1" type="stmt"/>
        <line num="144" count="1" type="stmt"/>
        <line num="145" count="1" type="cond" truecount="1" falsecount="1"/>
        <line num="146" count="1" type="stmt"/>
        <line num="148" count="0" type="stmt"/>
        <line num="151" count="1" type="stmt"/>
      </file>
      <file name="HomeCard.vue" path="C:\Users\Jesus Rodriguez\Documents\SKYLAB CODER - BOOTCAMP\bootcamp\Jesus-Rodriguez_Front-Final-Project-202201-MAD\src\components\apartments\HomeCard.vue">
        <metrics statements="4" coveredstatements="4" conditionals="0" coveredconditionals="0" methods="1" coveredmethods="1"/>
        <line num="48" count="12" type="stmt"/>
        <line num="49" count="12" type="stmt"/>
        <line num="51" count="12" type="stmt"/>
        <line num="54" count="1" type="stmt"/>
      </file>
      <file name="HomeDetail.vue" path="C:\Users\Jesus Rodriguez\Documents\SKYLAB CODER - BOOTCAMP\bootcamp\Jesus-Rodriguez_Front-Final-Project-202201-MAD\src\components\apartments\HomeDetail.vue">
        <metrics statements="10" coveredstatements="9" conditionals="0" coveredconditionals="0" methods="3" coveredmethods="2"/>
        <line num="111" count="10" type="stmt"/>
        <line num="112" count="10" type="stmt"/>
        <line num="113" count="10" type="stmt"/>
        <line num="114" count="10" type="stmt"/>
        <line num="116" count="10" type="stmt"/>
        <line num="120" count="1" type="stmt"/>
        <line num="139" count="0" type="stmt"/>
        <line num="143" count="1" type="stmt"/>
        <line num="144" count="1" type="stmt"/>
        <line num="145" count="1" type="stmt"/>
      </file>
      <file name="HomePage.vue" path="C:\Users\Jesus Rodriguez\Documents\SKYLAB CODER - BOOTCAMP\bootcamp\Jesus-Rodriguez_Front-Final-Project-202201-MAD\src\components\apartments\HomePage.vue">
        <metrics statements="11" coveredstatements="9" conditionals="2" coveredconditionals="1" methods="2" coveredmethods="2"/>
        <line num="31" count="11" type="stmt"/>
        <line num="32" count="11" type="stmt"/>
        <line num="33" count="11" type="stmt"/>
        <line num="34" count="11" type="stmt"/>
        <line num="35" count="11" type="stmt"/>
        <line num="37" count="11" type="stmt"/>
        <line num="39" count="1" type="stmt"/>
        <line num="53" count="1" type="cond" truecount="1" falsecount="1"/>
        <line num="54" count="1" type="stmt"/>
        <line num="56" count="0" type="stmt"/>
        <line num="57" count="0" type="stmt"/>
      </file>
      <file name="MyApartmentsActions.vue" path="C:\Users\Jesus Rodriguez\Documents\SKYLAB CODER - BOOTCAMP\bootcamp\Jesus-Rodriguez_Front-Final-Project-202201-MAD\src\components\apartments\MyApartmentsActions.vue">
        <metrics statements="3" coveredstatements="3" conditionals="0" coveredconditionals="0" methods="0" coveredmethods="0"/>
        <line num="21" count="11" type="stmt"/>
        <line num="22" count="11" type="stmt"/>
        <line num="24" count="11" type="stmt"/>
      </file>
      <file name="NewApartment.vue" path="C:\Users\Jesus Rodriguez\Documents\SKYLAB CODER - BOOTCAMP\bootcamp\Jesus-Rodriguez_Front-Final-Project-202201-MAD\src\components\apartments\NewApartment.vue">
        <metrics statements="21" coveredstatements="19" conditionals="3" coveredconditionals="2" methods="7" coveredmethods="6"/>
        <line num="60" count="10" type="stmt"/>
        <line num="61" count="10" type="stmt"/>
        <line num="62" count="10" type="stmt"/>
        <line num="63" count="10" type="stmt"/>
        <line num="64" count="10" type="stmt"/>
        <line num="66" count="10" type="stmt"/>
        <line num="68" count="10" type="stmt"/>
        <line num="72" count="2" type="stmt"/>
        <line num="92" count="2" type="cond" truecount="1" falsecount="0"/>
        <line num="94" count="2" type="stmt"/>
        <line num="101" count="1" type="stmt"/>
        <line num="107" count="1" type="stmt"/>
        <line num="108" count="1" type="stmt"/>
        <line num="110" count="1" type="stmt"/>
        <line num="111" count="1" type="stmt"/>
        <line num="112" count="1" type="stmt"/>
        <line num="113" count="1" type="cond" truecount="1" falsecount="1"/>
        <line num="114" count="1" type="stmt"/>
        <line num="117" count="0" type="stmt"/>
        <line num="120" count="1" type="stmt"/>
        <line num="125" count="0" type="stmt"/>
      </file>
    </package>
    <package name="src.components.incidents">
      <metrics statements="46" coveredstatements="45" conditionals="12" coveredconditionals="10" methods="10" coveredmethods="9"/>
      <file name="EditIncident.vue" path="C:\Users\Jesus Rodriguez\Documents\SKYLAB CODER - BOOTCAMP\bootcamp\Jesus-Rodriguez_Front-Final-Project-202201-MAD\src\components\incidents\EditIncident.vue">
        <metrics statements="22" coveredstatements="22" conditionals="12" coveredconditionals="10" methods="4" coveredmethods="4"/>
        <line num="81" count="10" type="stmt"/>
        <line num="82" count="10" type="stmt"/>
        <line num="83" count="10" type="stmt"/>
        <line num="84" count="10" type="stmt"/>
        <line num="86" count="10" type="stmt"/>
        <line num="90" count="2" type="stmt"/>
        <line num="128" count="2" type="stmt"/>
        <line num="129" count="2" type="stmt"/>
        <line num="130" count="2" type="stmt"/>
        <line num="132" count="2" type="cond" truecount="6" falsecount="2"/>
        <line num="134" count="2" type="stmt"/>
        <line num="135" count="2" type="cond" truecount="1" falsecount="0"/>
        <line num="136" count="2" type="stmt"/>
        <line num="137" count="2" type="stmt"/>
        <line num="138" count="2" type="stmt"/>
        <line num="139" count="2" type="stmt"/>
        <line num="140" count="2" type="stmt"/>
        <line num="141" count="2" type="stmt"/>
        <line num="143" count="2" type="cond" truecount="3" falsecount="0"/>
        <line num="145" count="2" type="stmt"/>
        <line num="152" count="1" type="stmt"/>
        <line num="153" count="1" type="stmt"/>
      </file>
      <file name="ListIncidents.vue" path="C:\Users\Jesus Rodriguez\Documents\SKYLAB CODER - BOOTCAMP\bootcamp\Jesus-Rodriguez_Front-Final-Project-202201-MAD\src\components\incidents\ListIncidents.vue">
        <metrics statements="11" coveredstatements="10" conditionals="0" coveredconditionals="0" methods="3" coveredmethods="2"/>
        <line num="62" count="10" type="stmt"/>
        <line num="63" count="10" type="stmt"/>
        <line num="64" count="10" type="stmt"/>
        <line num="65" count="10" type="stmt"/>
        <line num="67" count="10" type="stmt"/>
        <line num="71" count="1" type="stmt"/>
        <line num="83" count="0" type="stmt"/>
        <line num="92" count="1" type="stmt"/>
        <line num="93" count="1" type="stmt"/>
        <line num="94" count="1" type="stmt"/>
        <line num="95" count="1" type="stmt"/>
      </file>
      <file name="NewIncidents.vue" path="C:\Users\Jesus Rodriguez\Documents\SKYLAB CODER - BOOTCAMP\bootcamp\Jesus-Rodriguez_Front-Final-Project-202201-MAD\src\components\incidents\NewIncidents.vue">
        <metrics statements="13" coveredstatements="13" conditionals="0" coveredconditionals="0" methods="3" coveredmethods="3"/>
        <line num="86" count="10" type="stmt"/>
        <line num="87" count="10" type="stmt"/>
        <line num="88" count="10" type="stmt"/>
        <line num="89" count="10" type="stmt"/>
        <line num="91" count="10" type="stmt"/>
        <line num="95" count="2" type="stmt"/>
        <line num="136" count="1" type="stmt"/>
        <line num="137" count="1" type="stmt"/>
        <line num="142" count="2" type="stmt"/>
        <line num="143" count="2" type="stmt"/>
        <line num="144" count="2" type="stmt"/>
        <line num="146" count="2" type="stmt"/>
        <line num="147" count="2" type="stmt"/>
      </file>
    </package>
    <package name="src.components.login">
      <metrics statements="7" coveredstatements="7" conditionals="0" coveredconditionals="0" methods="3" coveredmethods="3"/>
      <file name="LoginPage.vue" path="C:\Users\Jesus Rodriguez\Documents\SKYLAB CODER - BOOTCAMP\bootcamp\Jesus-Rodriguez_Front-Final-Project-202201-MAD\src\components\login\LoginPage.vue">
        <metrics statements="7" coveredstatements="7" conditionals="0" coveredconditionals="0" methods="3" coveredmethods="3"/>
        <line num="50" count="11" type="stmt"/>
        <line num="51" count="11" type="stmt"/>
        <line num="53" count="11" type="stmt"/>
        <line num="56" count="3" type="stmt"/>
        <line num="69" count="3" type="stmt"/>
        <line num="74" count="1" type="stmt"/>
        <line num="75" count="1" type="stmt"/>
      </file>
    </package>
    <package name="src.components.register">
      <metrics statements="15" coveredstatements="14" conditionals="0" coveredconditionals="0" methods="5" coveredmethods="4"/>
      <file name="RegisterPage.vue" path="C:\Users\Jesus Rodriguez\Documents\SKYLAB CODER - BOOTCAMP\bootcamp\Jesus-Rodriguez_Front-Final-Project-202201-MAD\src\components\register\RegisterPage.vue">
        <metrics statements="15" coveredstatements="14" conditionals="0" coveredconditionals="0" methods="5" coveredmethods="4"/>
        <line num="101" count="10" type="stmt"/>
        <line num="102" count="10" type="stmt"/>
        <line num="103" count="10" type="stmt"/>
        <line num="104" count="10" type="stmt"/>
        <line num="105" count="10" type="stmt"/>
        <line num="107" count="10" type="stmt"/>
        <line num="110" count="3" type="stmt"/>
        <line num="132" count="1" type="stmt"/>
        <line num="133" count="1" type="stmt"/>
        <line num="135" count="1" type="stmt"/>
        <line num="136" count="1" type="stmt"/>
        <line num="137" count="1" type="stmt"/>
        <line num="138" count="1" type="stmt"/>
        <line num="139" count="1" type="stmt"/>
        <line num="144" count="0" type="stmt"/>
      </file>
    </package>
    <package name="src.components.user">
      <metrics statements="43" coveredstatements="40" conditionals="3" coveredconditionals="2" methods="9" coveredmethods="7"/>
      <file name="EditUser.vue" path="C:\Users\Jesus Rodriguez\Documents\SKYLAB CODER - BOOTCAMP\bootcamp\Jesus-Rodriguez_Front-Final-Project-202201-MAD\src\components\user\EditUser.vue">
        <metrics statements="38" coveredstatements="36" conditionals="3" coveredconditionals="2" methods="7" coveredmethods="6"/>
        <line num="70" count="10" type="stmt"/>
        <line num="71" count="10" type="stmt"/>
        <line num="72" count="10" type="stmt"/>
        <line num="73" count="10" type="stmt"/>
        <line num="74" count="10" type="stmt"/>
        <line num="75" count="10" type="stmt"/>
        <line num="77" count="10" type="stmt"/>
        <line num="81" count="2" type="stmt"/>
        <line num="102" count="2" type="cond" truecount="1" falsecount="0"/>
        <line num="103" count="2" type="stmt"/>
        <line num="104" count="2" type="stmt"/>
        <line num="105" count="2" type="stmt"/>
        <line num="106" count="2" type="stmt"/>
        <line num="107" count="2" type="stmt"/>
        <line num="108" count="2" type="stmt"/>
        <line num="109" count="2" type="stmt"/>
        <line num="110" count="2" type="stmt"/>
        <line num="112" count="2" type="stmt"/>
        <line num="117" count="1" type="stmt"/>
        <line num="118" count="1" type="stmt"/>
        <line num="119" count="1" type="stmt"/>
        <line num="120" count="1" type="stmt"/>
        <line num="121" count="1" type="stmt"/>
        <line num="122" count="1" type="stmt"/>
        <line num="123" count="1" type="stmt"/>
        <line num="124" count="1" type="stmt"/>
        <line num="126" count="1" type="stmt"/>
        <line num="133" count="0" type="stmt"/>
        <line num="135" count="1" type="stmt"/>
        <line num="136" count="1" type="stmt"/>
        <line num="137" count="1" type="stmt"/>
        <line num="138" count="1" type="stmt"/>
        <line num="139" count="1" type="stmt"/>
        <line num="140" count="1" type="cond" truecount="1" falsecount="1"/>
        <line num="141" count="1" type="stmt"/>
        <line num="143" count="0" type="stmt"/>
        <line num="145" count="1" type="stmt"/>
        <line num="146" count="1" type="stmt"/>
      </file>
      <file name="UserDetail.vue" path="C:\Users\Jesus Rodriguez\Documents\SKYLAB CODER - BOOTCAMP\bootcamp\Jesus-Rodriguez_Front-Final-Project-202201-MAD\src\components\user\UserDetail.vue">
        <metrics statements="5" coveredstatements="4" conditionals="0" coveredconditionals="0" methods="2" coveredmethods="1"/>
        <line num="23" count="12" type="stmt"/>
        <line num="24" count="12" type="stmt"/>
        <line num="26" count="12" type="stmt"/>
        <line num="29" count="3" type="stmt"/>
        <line num="45" count="0" type="stmt"/>
      </file>
    </package>
    <package name="src.router">
      <metrics statements="16" coveredstatements="16" conditionals="0" coveredconditionals="0" methods="0" coveredmethods="0"/>
      <file name="index.ts" path="C:\Users\Jesus Rodriguez\Documents\SKYLAB CODER - BOOTCAMP\bootcamp\Jesus-Rodriguez_Front-Final-Project-202201-MAD\src\router\index.ts">
        <metrics statements="16" coveredstatements="16" conditionals="0" coveredconditionals="0" methods="0" coveredmethods="0"/>
        <line num="1" count="10" type="stmt"/>
        <line num="2" count="10" type="stmt"/>
        <line num="3" count="10" type="stmt"/>
        <line num="4" count="10" type="stmt"/>
        <line num="5" count="10" type="stmt"/>
        <line num="6" count="10" type="stmt"/>
        <line num="7" count="10" type="stmt"/>
        <line num="8" count="10" type="stmt"/>
        <line num="9" count="10" type="stmt"/>
        <line num="10" count="10" type="stmt"/>
        <line num="11" count="10" type="stmt"/>
        <line num="12" count="10" type="stmt"/>
        <line num="13" count="10" type="stmt"/>
        <line num="15" count="10" type="stmt"/>
        <line num="31" count="10" type="stmt"/>
        <line num="36" count="10" type="stmt"/>
      </file>
    </package>
  </project>
</coverage>
