{"C:\\Users\\Jesus Rodriguez\\Documents\\SKYLAB CODER - BOOTCAMP\\bootcamp\\Jesus-Rodriguez_Front-Final-Project-202201-MAD\\src\\firebase.ts": {"path":"C:\\Users\\Jesus Rodriguez\\Documents\\SKYLAB CODER - BOOTCAMP\\bootcamp\\Jesus-Rodriguez_Front-Final-Project-202201-MAD\\src\\firebase.ts","statementMap":{"0":{"start":{"line":1,"column":0},"end":{"line":1,"column":null}},"1":{"start":{"line":2,"column":0},"end":{"line":2,"column":null}},"2":{"start":{"line":3,"column":0},"end":{"line":3,"column":null}},"3":{"start":{"line":8,"column":23},"end":{"line":8,"column":null}},"4":{"start":{"line":18,"column":12},"end":{"line":18,"column":26}},"5":{"start":{"line":20,"column":13},"end":{"line":20,"column":23}}},"fnMap":{},"branchMap":{},"s":{"0":9,"1":9,"2":9,"3":9,"4":9,"5":9},"f":{},"b":{}}
,"C:\\Users\\Jesus Rodriguez\\Documents\\SKYLAB CODER - BOOTCAMP\\bootcamp\\Jesus-Rodriguez_Front-Final-Project-202201-MAD\\src\\_services\\apartment.service.ts": {"path":"C:\\Users\\Jesus Rodriguez\\Documents\\SKYLAB CODER - BOOTCAMP\\bootcamp\\Jesus-Rodriguez_Front-Final-Project-202201-MAD\\src\\_services\\apartment.service.ts","statementMap":{"0":{"start":{"line":1,"column":0},"end":{"line":1,"column":null}},"1":{"start":{"line":3,"column":0},"end":{"line":3,"column":null}},"2":{"start":{"line":5,"column":23},"end":{"line":5,"column":null}},"3":{"start":{"line":6,"column":23},"end":{"line":6,"column":null}},"4":{"start":{"line":9,"column":2},"end":{"line":9,"column":9}},"5":{"start":{"line":8,"column":0},"end":{"line":8,"column":16}},"6":{"start":{"line":17,"column":2},"end":{"line":17,"column":9}},"7":{"start":{"line":16,"column":0},"end":{"line":16,"column":16}},"8":{"start":{"line":21,"column":2},"end":{"line":21,"column":9}},"9":{"start":{"line":20,"column":0},"end":{"line":20,"column":16}},"10":{"start":{"line":29,"column":2},"end":{"line":29,"column":9}},"11":{"start":{"line":28,"column":0},"end":{"line":28,"column":16}},"12":{"start":{"line":37,"column":26},"end":{"line":37,"column":null}},"13":{"start":{"line":38,"column":2},"end":{"line":38,"column":9}},"14":{"start":{"line":36,"column":0},"end":{"line":36,"column":16}},"15":{"start":{"line":46,"column":2},"end":{"line":46,"column":9}},"16":{"start":{"line":47,"column":25},"end":{"line":47,"column":null}},"17":{"start":{"line":48,"column":20},"end":{"line":48,"column":null}},"18":{"start":{"line":49,"column":2},"end":{"line":49,"column":9}},"19":{"start":{"line":45,"column":0},"end":{"line":45,"column":16}}},"fnMap":{"0":{"name":"newApartment","decl":{"start":{"line":8,"column":16},"end":{"line":8,"column":29}},"loc":{"start":{"line":8,"column":50},"end":{"line":14,"column":null}}},"1":{"name":"getAllApartments","decl":{"start":{"line":16,"column":16},"end":{"line":16,"column":32}},"loc":{"start":{"line":16,"column":32},"end":{"line":18,"column":null}}},"2":{"name":"getApartment","decl":{"start":{"line":20,"column":16},"end":{"line":20,"column":29}},"loc":{"start":{"line":20,"column":39},"end":{"line":26,"column":null}}},"3":{"name":"deleteApartment","decl":{"start":{"line":28,"column":16},"end":{"line":28,"column":32}},"loc":{"start":{"line":28,"column":42},"end":{"line":34,"column":null}}},"4":{"name":"updateApartment","decl":{"start":{"line":36,"column":16},"end":{"line":36,"column":32}},"loc":{"start":{"line":36,"column":57},"end":{"line":43,"column":null}}},"5":{"name":"addTenant","decl":{"start":{"line":45,"column":16},"end":{"line":45,"column":26}},"loc":{"start":{"line":45,"column":38},"end":{"line":58,"column":null}}}},"branchMap":{},"s":{"0":1,"1":1,"2":1,"3":1,"4":1,"5":1,"6":1,"7":1,"8":1,"9":1,"10":1,"11":1,"12":1,"13":1,"14":1,"15":1,"16":1,"17":1,"18":1,"19":1},"f":{"0":1,"1":1,"2":1,"3":1,"4":1,"5":1},"b":{}}
,"C:\\Users\\Jesus Rodriguez\\Documents\\SKYLAB CODER - BOOTCAMP\\bootcamp\\Jesus-Rodriguez_Front-Final-Project-202201-MAD\\src\\_services\\incident.service.ts": {"path":"C:\\Users\\Jesus Rodriguez\\Documents\\SKYLAB CODER - BOOTCAMP\\bootcamp\\Jesus-Rodriguez_Front-Final-Project-202201-MAD\\src\\_services\\incident.service.ts","statementMap":{"0":{"start":{"line":1,"column":0},"end":{"line":1,"column":null}},"1":{"start":{"line":2,"column":0},"end":{"line":2,"column":null}},"2":{"start":{"line":5,"column":22},"end":{"line":5,"column":null}},"3":{"start":{"line":8,"column":2},"end":{"line":8,"column":9}},"4":{"start":{"line":7,"column":0},"end":{"line":7,"column":16}},"5":{"start":{"line":16,"column":2},"end":{"line":16,"column":9}},"6":{"start":{"line":15,"column":0},"end":{"line":15,"column":16}},"7":{"start":{"line":24,"column":2},"end":{"line":24,"column":9}},"8":{"start":{"line":23,"column":0},"end":{"line":23,"column":16}},"9":{"start":{"line":32,"column":25},"end":{"line":32,"column":null}},"10":{"start":{"line":33,"column":2},"end":{"line":33,"column":9}},"11":{"start":{"line":31,"column":0},"end":{"line":31,"column":16}}},"fnMap":{"0":{"name":"newIncident","decl":{"start":{"line":7,"column":16},"end":{"line":7,"column":28}},"loc":{"start":{"line":7,"column":47},"end":{"line":13,"column":null}}},"1":{"name":"getIncidentsByHome","decl":{"start":{"line":15,"column":16},"end":{"line":15,"column":35}},"loc":{"start":{"line":15,"column":45},"end":{"line":21,"column":null}}},"2":{"name":"deleteIncident","decl":{"start":{"line":23,"column":16},"end":{"line":23,"column":31}},"loc":{"start":{"line":23,"column":41},"end":{"line":29,"column":null}}},"3":{"name":"updateIncident","decl":{"start":{"line":31,"column":16},"end":{"line":31,"column":31}},"loc":{"start":{"line":31,"column":50},"end":{"line":38,"column":null}}}},"branchMap":{},"s":{"0":1,"1":1,"2":1,"3":1,"4":1,"5":1,"6":1,"7":1,"8":1,"9":1,"10":1,"11":1},"f":{"0":1,"1":1,"2":1,"3":1},"b":{}}
,"C:\\Users\\Jesus Rodriguez\\Documents\\SKYLAB CODER - BOOTCAMP\\bootcamp\\Jesus-Rodriguez_Front-Final-Project-202201-MAD\\src\\_services\\user.service.ts": {"path":"C:\\Users\\Jesus Rodriguez\\Documents\\SKYLAB CODER - BOOTCAMP\\bootcamp\\Jesus-Rodriguez_Front-Final-Project-202201-MAD\\src\\_services\\user.service.ts","statementMap":{"0":{"start":{"line":1,"column":0},"end":{"line":1,"column":null}},"1":{"start":{"line":2,"column":0},"end":{"line":2,"column":null}},"2":{"start":{"line":5,"column":18},"end":{"line":5,"column":null}},"3":{"start":{"line":6,"column":21},"end":{"line":6,"column":null}},"4":{"start":{"line":7,"column":17},"end":{"line":7,"column":null}},"5":{"start":{"line":10,"column":2},"end":{"line":10,"column":9}},"6":{"start":{"line":9,"column":0},"end":{"line":9,"column":16}},"7":{"start":{"line":13,"column":2},"end":{"line":13,"column":9}},"8":{"start":{"line":12,"column":0},"end":{"line":12,"column":16}},"9":{"start":{"line":17,"column":2},"end":{"line":17,"column":9}},"10":{"start":{"line":16,"column":0},"end":{"line":16,"column":16}},"11":{"start":{"line":30,"column":2},"end":{"line":30,"column":14}},"12":{"start":{"line":28,"column":0},"end":{"line":28,"column":16}},"13":{"start":{"line":35,"column":18},"end":{"line":35,"column":null}},"14":{"start":{"line":36,"column":2},"end":{"line":36,"column":9}},"15":{"start":{"line":33,"column":0},"end":{"line":33,"column":16}},"16":{"start":{"line":44,"column":2},"end":{"line":44,"column":9}},"17":{"start":{"line":43,"column":0},"end":{"line":43,"column":16}}},"fnMap":{"0":{"name":"login","decl":{"start":{"line":9,"column":16},"end":{"line":9,"column":22}},"loc":{"start":{"line":9,"column":38},"end":{"line":11,"column":null}}},"1":{"name":"register","decl":{"start":{"line":12,"column":16},"end":{"line":12,"column":25}},"loc":{"start":{"line":12,"column":40},"end":{"line":14,"column":null}}},"2":{"name":"loginWithToken","decl":{"start":{"line":16,"column":16},"end":{"line":16,"column":31}},"loc":{"start":{"line":16,"column":44},"end":{"line":26,"column":null}}},"3":{"name":"logout","decl":{"start":{"line":28,"column":16},"end":{"line":28,"column":22}},"loc":{"start":{"line":28,"column":22},"end":{"line":31,"column":null}}},"4":{"name":"updateUser","decl":{"start":{"line":33,"column":16},"end":{"line":33,"column":27}},"loc":{"start":{"line":33,"column":42},"end":{"line":41,"column":null}}},"5":{"name":"getUserById","decl":{"start":{"line":43,"column":16},"end":{"line":43,"column":28}},"loc":{"start":{"line":43,"column":38},"end":{"line":49,"column":null}}}},"branchMap":{},"s":{"0":1,"1":1,"2":1,"3":1,"4":1,"5":1,"6":1,"7":1,"8":1,"9":1,"10":1,"11":0,"12":1,"13":1,"14":1,"15":1,"16":1,"17":1},"f":{"0":1,"1":1,"2":1,"3":0,"4":1,"5":1},"b":{}}
,"C:\\Users\\Jesus Rodriguez\\Documents\\SKYLAB CODER - BOOTCAMP\\bootcamp\\Jesus-Rodriguez_Front-Final-Project-202201-MAD\\src\\_utils\\helper.ts": {"path":"C:\\Users\\Jesus Rodriguez\\Documents\\SKYLAB CODER - BOOTCAMP\\bootcamp\\Jesus-Rodriguez_Front-Final-Project-202201-MAD\\src\\_utils\\helper.ts","statementMap":{"0":{"start":{"line":2,"column":2},"end":{"line":2,"column":9}},"1":{"start":{"line":1,"column":0},"end":{"line":1,"column":16}}},"fnMap":{"0":{"name":"getToken","decl":{"start":{"line":1,"column":16},"end":{"line":1,"column":24}},"loc":{"start":{"line":1,"column":24},"end":{"line":3,"column":null}}}},"branchMap":{},"s":{"0":7,"1":3},"f":{"0":7},"b":{}}
,"C:\\Users\\Jesus Rodriguez\\Documents\\SKYLAB CODER - BOOTCAMP\\bootcamp\\Jesus-Rodriguez_Front-Final-Project-202201-MAD\\src\\components\\apartments\\AddTenant.vue": {"path":"C:\\Users\\Jesus Rodriguez\\Documents\\SKYLAB CODER - BOOTCAMP\\bootcamp\\Jesus-Rodriguez_Front-Final-Project-202201-MAD\\src\\components\\apartments\\AddTenant.vue","statementMap":{"0":{"start":{"line":41,"column":0},"end":{"line":41,"column":null}},"1":{"start":{"line":42,"column":0},"end":{"line":42,"column":null}},"2":{"start":{"line":43,"column":0},"end":{"line":43,"column":null}},"3":{"start":{"line":45,"column":0},"end":{"line":45,"column":null}},"4":{"start":{"line":47,"column":0},"end":{"line":47,"column":15}},"5":{"start":{"line":51,"column":4},"end":{"line":51,"column":11}},"6":{"start":{"line":67,"column":6},"end":{"line":67,"column":11}},"7":{"start":{"line":68,"column":6},"end":{"line":68,"column":11}},"8":{"start":{"line":73,"column":18},"end":{"line":73,"column":null}},"9":{"start":{"line":74,"column":19},"end":{"line":74,"column":null}},"10":{"start":{"line":75,"column":4},"end":{"line":77,"column":null}},"11":{"start":{"line":76,"column":6},"end":{"line":76,"column":11}},"12":{"start":{"line":78,"column":4},"end":{"line":82,"column":null}},"13":{"start":{"line":79,"column":6},"end":{"line":79,"column":11}},"14":{"start":{"line":80,"column":35},"end":{"line":80,"column":44}},"15":{"start":{"line":87,"column":6},"end":{"line":87,"column":11}},"16":{"start":{"line":88,"column":35},"end":{"line":88,"column":44}}},"fnMap":{"0":{"name":"(anonymous_3)","decl":{"start":{"line":50,"column":6},"end":{"line":50,"column":null}},"loc":{"start":{"line":50,"column":6},"end":{"line":58,"column":null}}},"1":{"name":"(anonymous_4)","decl":{"start":{"line":66,"column":16},"end":{"line":66,"column":null}},"loc":{"start":{"line":66,"column":16},"end":{"line":69,"column":null}}},"2":{"name":"(anonymous_5)","decl":{"start":{"line":72,"column":2},"end":{"line":72,"column":9}},"loc":{"start":{"line":72,"column":2},"end":{"line":83,"column":null}}},"3":{"name":"(anonymous_6)","decl":{"start":{"line":80,"column":8},"end":{"line":80,"column":9}},"loc":{"start":{"line":80,"column":30},"end":{"line":80,"column":null}}},"4":{"name":"(anonymous_7)","decl":{"start":{"line":86,"column":4},"end":{"line":86,"column":12}},"loc":{"start":{"line":86,"column":4},"end":{"line":90,"column":null}}},"5":{"name":"(anonymous_8)","decl":{"start":{"line":88,"column":8},"end":{"line":88,"column":9}},"loc":{"start":{"line":88,"column":30},"end":{"line":88,"column":null}}}},"branchMap":{"0":{"loc":{"start":{"line":75,"column":4},"end":{"line":77,"column":null}},"type":"if","locations":[{"start":{"line":75,"column":4},"end":{"line":77,"column":null}}]},"1":{"loc":{"start":{"line":78,"column":4},"end":{"line":82,"column":null}},"type":"if","locations":[{"start":{"line":78,"column":4},"end":{"line":82,"column":null}}]}},"s":{"0":8,"1":8,"2":8,"3":8,"4":8,"5":2,"6":0,"7":0,"8":2,"9":2,"10":1,"11":1,"12":1,"13":0,"14":0,"15":0,"16":0},"f":{"0":2,"1":0,"2":2,"3":0,"4":0,"5":0},"b":{"0":[1],"1":[0]}}
,"C:\\Users\\Jesus Rodriguez\\Documents\\SKYLAB CODER - BOOTCAMP\\bootcamp\\Jesus-Rodriguez_Front-Final-Project-202201-MAD\\src\\components\\apartments\\EditApartment.vue": {"path":"C:\\Users\\Jesus Rodriguez\\Documents\\SKYLAB CODER - BOOTCAMP\\bootcamp\\Jesus-Rodriguez_Front-Final-Project-202201-MAD\\src\\components\\apartments\\EditApartment.vue","statementMap":{"0":{"start":{"line":70,"column":0},"end":{"line":70,"column":null}},"1":{"start":{"line":71,"column":0},"end":{"line":71,"column":null}},"2":{"start":{"line":72,"column":0},"end":{"line":72,"column":null}},"3":{"start":{"line":73,"column":0},"end":{"line":73,"column":null}},"4":{"start":{"line":74,"column":0},"end":{"line":74,"column":null}},"5":{"start":{"line":75,"column":0},"end":{"line":75,"column":null}},"6":{"start":{"line":76,"column":0},"end":{"line":76,"column":null}},"7":{"start":{"line":78,"column":0},"end":{"line":78,"column":15}},"8":{"start":{"line":82,"column":4},"end":{"line":82,"column":11}},"9":{"start":{"line":103,"column":18},"end":{"line":103,"column":null}},"10":{"start":{"line":104,"column":19},"end":{"line":104,"column":null}},"11":{"start":{"line":105,"column":4},"end":{"line":114,"column":null}},"12":{"start":{"line":106,"column":6},"end":{"line":106,"column":11}},"13":{"start":{"line":107,"column":6},"end":{"line":107,"column":11}},"14":{"start":{"line":108,"column":6},"end":{"line":108,"column":11}},"15":{"start":{"line":109,"column":6},"end":{"line":109,"column":11}},"16":{"start":{"line":110,"column":6},"end":{"line":110,"column":11}},"17":{"start":{"line":111,"column":6},"end":{"line":111,"column":11}},"18":{"start":{"line":113,"column":6},"end":{"line":113,"column":11}},"19":{"start":{"line":116,"column":4},"end":{"line":118,"column":null}},"20":{"start":{"line":117,"column":6},"end":{"line":117,"column":11}},"21":{"start":{"line":123,"column":6},"end":{"line":123,"column":11}},"22":{"start":{"line":124,"column":6},"end":{"line":124,"column":11}},"23":{"start":{"line":125,"column":6},"end":{"line":125,"column":11}},"24":{"start":{"line":126,"column":6},"end":{"line":126,"column":11}},"25":{"start":{"line":130,"column":6},"end":{"line":130,"column":11}},"26":{"start":{"line":141,"column":6},"end":{"line":141,"column":11}},"27":{"start":{"line":143,"column":4},"end":{"line":143,"column":16}},"28":{"start":{"line":144,"column":6},"end":{"line":144,"column":11}},"29":{"start":{"line":145,"column":21},"end":{"line":145,"column":25}},"30":{"start":{"line":146,"column":6},"end":{"line":146,"column":18}},"31":{"start":{"line":147,"column":8},"end":{"line":147,"column":23}},"32":{"start":{"line":148,"column":10},"end":{"line":152,"column":null}},"33":{"start":{"line":149,"column":12},"end":{"line":149,"column":16}},"34":{"start":{"line":151,"column":12},"end":{"line":151,"column":16}},"35":{"start":{"line":154,"column":10},"end":{"line":154,"column":14}}},"fnMap":{"0":{"name":"(anonymous_3)","decl":{"start":{"line":81,"column":6},"end":{"line":81,"column":null}},"loc":{"start":{"line":81,"column":6},"end":{"line":96,"column":null}}},"1":{"name":"(anonymous_4)","decl":{"start":{"line":102,"column":2},"end":{"line":102,"column":9}},"loc":{"start":{"line":102,"column":2},"end":{"line":119,"column":null}}},"2":{"name":"(anonymous_5)","decl":{"start":{"line":122,"column":20},"end":{"line":122,"column":null}},"loc":{"start":{"line":122,"column":20},"end":{"line":127,"column":null}}},"3":{"name":"(anonymous_6)","decl":{"start":{"line":128,"column":12},"end":{"line":128,"column":null}},"loc":{"start":{"line":128,"column":12},"end":{"line":131,"column":null}}},"4":{"name":"(anonymous_7)","decl":{"start":{"line":140,"column":4},"end":{"line":140,"column":21}},"loc":{"start":{"line":140,"column":28},"end":{"line":142,"column":null}}},"5":{"name":"(anonymous_8)","decl":{"start":{"line":143,"column":4},"end":{"line":143,"column":16}},"loc":{"start":{"line":143,"column":4},"end":{"line":157,"column":null}}},"6":{"name":"(anonymous_9)","decl":{"start":{"line":146,"column":57},"end":{"line":146,"column":null}},"loc":{"start":{"line":146,"column":57},"end":{"line":156,"column":null}}},"7":{"name":"(anonymous_10)","decl":{"start":{"line":147,"column":36},"end":{"line":147,"column":37}},"loc":{"start":{"line":147,"column":48},"end":{"line":155,"column":null}}}},"branchMap":{"0":{"loc":{"start":{"line":105,"column":4},"end":{"line":114,"column":null}},"type":"if","locations":[{"start":{"line":105,"column":4},"end":{"line":114,"column":null}}]},"1":{"loc":{"start":{"line":105,"column":8},"end":{"line":105,"column":48}},"type":"binary-expr","locations":[{"start":{"line":105,"column":8},"end":{"line":105,"column":33}},{"start":{"line":105,"column":33},"end":{"line":105,"column":48}}]},"2":{"loc":{"start":{"line":116,"column":4},"end":{"line":118,"column":null}},"type":"if","locations":[{"start":{"line":116,"column":4},"end":{"line":118,"column":null}}]},"3":{"loc":{"start":{"line":148,"column":10},"end":{"line":152,"column":null}},"type":"if","locations":[{"start":{"line":148,"column":10},"end":{"line":152,"column":null}},{"start":{"line":150,"column":17},"end":{"line":152,"column":null}}]}},"s":{"0":9,"1":9,"2":9,"3":9,"4":9,"5":9,"6":9,"7":9,"8":1,"9":1,"10":1,"11":0,"12":0,"13":0,"14":0,"15":0,"16":0,"17":0,"18":0,"19":0,"20":0,"21":0,"22":0,"23":0,"24":0,"25":0,"26":0,"27":0,"28":0,"29":0,"30":0,"31":0,"32":0,"33":0,"34":0,"35":0},"f":{"0":1,"1":1,"2":0,"3":0,"4":0,"5":0,"6":0,"7":0},"b":{"0":[0],"1":[0,0],"2":[0],"3":[0,0]}}
,"C:\\Users\\Jesus Rodriguez\\Documents\\SKYLAB CODER - BOOTCAMP\\bootcamp\\Jesus-Rodriguez_Front-Final-Project-202201-MAD\\src\\components\\apartments\\HomeCard.vue": {"path":"C:\\Users\\Jesus Rodriguez\\Documents\\SKYLAB CODER - BOOTCAMP\\bootcamp\\Jesus-Rodriguez_Front-Final-Project-202201-MAD\\src\\components\\apartments\\HomeCard.vue","statementMap":{"0":{"start":{"line":30,"column":0},"end":{"line":30,"column":null}},"1":{"start":{"line":31,"column":0},"end":{"line":31,"column":null}},"2":{"start":{"line":33,"column":0},"end":{"line":33,"column":15}},"3":{"start":{"line":36,"column":4},"end":{"line":36,"column":11}}},"fnMap":{"0":{"name":"(anonymous_2)","decl":{"start":{"line":35,"column":6},"end":{"line":35,"column":null}},"loc":{"start":{"line":35,"column":6},"end":{"line":43,"column":null}}}},"branchMap":{},"s":{"0":10,"1":10,"2":10,"3":1},"f":{"0":1},"b":{}}
,"C:\\Users\\Jesus Rodriguez\\Documents\\SKYLAB CODER - BOOTCAMP\\bootcamp\\Jesus-Rodriguez_Front-Final-Project-202201-MAD\\src\\components\\apartments\\HomeDetail.vue": {"path":"C:\\Users\\Jesus Rodriguez\\Documents\\SKYLAB CODER - BOOTCAMP\\bootcamp\\Jesus-Rodriguez_Front-Final-Project-202201-MAD\\src\\components\\apartments\\HomeDetail.vue","statementMap":{"0":{"start":{"line":74,"column":0},"end":{"line":74,"column":null}},"1":{"start":{"line":75,"column":0},"end":{"line":75,"column":null}},"2":{"start":{"line":76,"column":0},"end":{"line":76,"column":null}},"3":{"start":{"line":77,"column":0},"end":{"line":77,"column":null}},"4":{"start":{"line":79,"column":0},"end":{"line":79,"column":15}},"5":{"start":{"line":83,"column":4},"end":{"line":83,"column":11}},"6":{"start":{"line":102,"column":6},"end":{"line":102,"column":11}},"7":{"start":{"line":106,"column":18},"end":{"line":106,"column":null}},"8":{"start":{"line":107,"column":19},"end":{"line":107,"column":null}},"9":{"start":{"line":108,"column":4},"end":{"line":108,"column":9}}},"fnMap":{"0":{"name":"(anonymous_3)","decl":{"start":{"line":82,"column":6},"end":{"line":82,"column":null}},"loc":{"start":{"line":82,"column":6},"end":{"line":92,"column":null}}},"1":{"name":"(anonymous_4)","decl":{"start":{"line":101,"column":4},"end":{"line":101,"column":19}},"loc":{"start":{"line":101,"column":30},"end":{"line":103,"column":null}}},"2":{"name":"(anonymous_5)","decl":{"start":{"line":105,"column":9},"end":{"line":105,"column":null}},"loc":{"start":{"line":105,"column":9},"end":{"line":109,"column":null}}}},"branchMap":{},"s":{"0":8,"1":8,"2":8,"3":8,"4":8,"5":1,"6":0,"7":1,"8":1,"9":1},"f":{"0":1,"1":0,"2":1},"b":{}}
,"C:\\Users\\Jesus Rodriguez\\Documents\\SKYLAB CODER - BOOTCAMP\\bootcamp\\Jesus-Rodriguez_Front-Final-Project-202201-MAD\\src\\components\\apartments\\HomePage.vue": {"path":"C:\\Users\\Jesus Rodriguez\\Documents\\SKYLAB CODER - BOOTCAMP\\bootcamp\\Jesus-Rodriguez_Front-Final-Project-202201-MAD\\src\\components\\apartments\\HomePage.vue","statementMap":{"0":{"start":{"line":36,"column":0},"end":{"line":36,"column":null}},"1":{"start":{"line":37,"column":0},"end":{"line":37,"column":null}},"2":{"start":{"line":38,"column":0},"end":{"line":38,"column":null}},"3":{"start":{"line":39,"column":0},"end":{"line":39,"column":null}},"4":{"start":{"line":40,"column":0},"end":{"line":40,"column":null}},"5":{"start":{"line":42,"column":0},"end":{"line":42,"column":15}},"6":{"start":{"line":44,"column":4},"end":{"line":44,"column":11}},"7":{"start":{"line":58,"column":4},"end":{"line":63,"column":null}},"8":{"start":{"line":59,"column":6},"end":{"line":59,"column":11}},"9":{"start":{"line":61,"column":24},"end":{"line":61,"column":36}},"10":{"start":{"line":62,"column":6},"end":{"line":62,"column":11}}},"fnMap":{"0":{"name":"(anonymous_3)","decl":{"start":{"line":43,"column":6},"end":{"line":43,"column":null}},"loc":{"start":{"line":43,"column":6},"end":{"line":51,"column":null}}},"1":{"name":"(anonymous_4)","decl":{"start":{"line":57,"column":9},"end":{"line":57,"column":null}},"loc":{"start":{"line":57,"column":9},"end":{"line":64,"column":null}}}},"branchMap":{"0":{"loc":{"start":{"line":58,"column":4},"end":{"line":63,"column":null}},"type":"if","locations":[{"start":{"line":58,"column":4},"end":{"line":63,"column":null}},{"start":{"line":60,"column":11},"end":{"line":63,"column":null}}]}},"s":{"0":9,"1":9,"2":9,"3":9,"4":9,"5":9,"6":1,"7":1,"8":1,"9":0,"10":0},"f":{"0":1,"1":1},"b":{"0":[1,0]}}
,"C:\\Users\\Jesus Rodriguez\\Documents\\SKYLAB CODER - BOOTCAMP\\bootcamp\\Jesus-Rodriguez_Front-Final-Project-202201-MAD\\src\\components\\apartments\\MyApartmentsActions.vue": {"path":"C:\\Users\\Jesus Rodriguez\\Documents\\SKYLAB CODER - BOOTCAMP\\bootcamp\\Jesus-Rodriguez_Front-Final-Project-202201-MAD\\src\\components\\apartments\\MyApartmentsActions.vue","statementMap":{"0":{"start":{"line":21,"column":0},"end":{"line":21,"column":null}},"1":{"start":{"line":22,"column":0},"end":{"line":22,"column":null}},"2":{"start":{"line":24,"column":0},"end":{"line":24,"column":15}}},"fnMap":{},"branchMap":{},"s":{"0":9,"1":9,"2":9},"f":{},"b":{}}
,"C:\\Users\\Jesus Rodriguez\\Documents\\SKYLAB CODER - BOOTCAMP\\bootcamp\\Jesus-Rodriguez_Front-Final-Project-202201-MAD\\src\\components\\apartments\\NewApartment.vue": {"path":"C:\\Users\\Jesus Rodriguez\\Documents\\SKYLAB CODER - BOOTCAMP\\bootcamp\\Jesus-Rodriguez_Front-Final-Project-202201-MAD\\src\\components\\apartments\\NewApartment.vue","statementMap":{"0":{"start":{"line":54,"column":0},"end":{"line":54,"column":null}},"1":{"start":{"line":55,"column":0},"end":{"line":55,"column":null}},"2":{"start":{"line":56,"column":0},"end":{"line":56,"column":null}},"3":{"start":{"line":57,"column":0},"end":{"line":57,"column":null}},"4":{"start":{"line":58,"column":0},"end":{"line":58,"column":null}},"5":{"start":{"line":60,"column":0},"end":{"line":60,"column":null}},"6":{"start":{"line":62,"column":0},"end":{"line":62,"column":15}},"7":{"start":{"line":66,"column":4},"end":{"line":66,"column":11}},"8":{"start":{"line":87,"column":4},"end":{"line":87,"column":9}},"9":{"start":{"line":92,"column":4},"end":{"line":92,"column":16}},"10":{"start":{"line":93,"column":6},"end":{"line":93,"column":11}},"11":{"start":{"line":95,"column":21},"end":{"line":95,"column":25}},"12":{"start":{"line":96,"column":6},"end":{"line":96,"column":18}},"13":{"start":{"line":97,"column":8},"end":{"line":97,"column":23}},"14":{"start":{"line":98,"column":10},"end":{"line":103,"column":null}},"15":{"start":{"line":99,"column":12},"end":{"line":99,"column":16}},"16":{"start":{"line":102,"column":12},"end":{"line":102,"column":16}},"17":{"start":{"line":105,"column":10},"end":{"line":105,"column":14}},"18":{"start":{"line":110,"column":6},"end":{"line":110,"column":11}}},"fnMap":{"0":{"name":"(anonymous_3)","decl":{"start":{"line":65,"column":6},"end":{"line":65,"column":null}},"loc":{"start":{"line":65,"column":6},"end":{"line":78,"column":null}}},"1":{"name":"(anonymous_4)","decl":{"start":{"line":85,"column":9},"end":{"line":85,"column":null}},"loc":{"start":{"line":85,"column":9},"end":{"line":88,"column":null}}},"2":{"name":"(anonymous_5)","decl":{"start":{"line":92,"column":4},"end":{"line":92,"column":16}},"loc":{"start":{"line":92,"column":4},"end":{"line":108,"column":null}}},"3":{"name":"(anonymous_6)","decl":{"start":{"line":96,"column":57},"end":{"line":96,"column":null}},"loc":{"start":{"line":96,"column":57},"end":{"line":107,"column":null}}},"4":{"name":"(anonymous_7)","decl":{"start":{"line":97,"column":36},"end":{"line":97,"column":37}},"loc":{"start":{"line":97,"column":48},"end":{"line":106,"column":null}}},"5":{"name":"(anonymous_8)","decl":{"start":{"line":109,"column":4},"end":{"line":109,"column":21}},"loc":{"start":{"line":109,"column":28},"end":{"line":111,"column":null}}}},"branchMap":{"0":{"loc":{"start":{"line":98,"column":10},"end":{"line":103,"column":null}},"type":"if","locations":[{"start":{"line":98,"column":10},"end":{"line":103,"column":null}},{"start":{"line":101,"column":17},"end":{"line":103,"column":null}}]}},"s":{"0":8,"1":8,"2":8,"3":8,"4":8,"5":8,"6":8,"7":1,"8":1,"9":0,"10":0,"11":0,"12":0,"13":0,"14":0,"15":0,"16":0,"17":0,"18":0},"f":{"0":1,"1":1,"2":0,"3":0,"4":0,"5":0},"b":{"0":[0,0]}}
,"C:\\Users\\Jesus Rodriguez\\Documents\\SKYLAB CODER - BOOTCAMP\\bootcamp\\Jesus-Rodriguez_Front-Final-Project-202201-MAD\\src\\components\\incidents\\EditIncident.vue": {"path":"C:\\Users\\Jesus Rodriguez\\Documents\\SKYLAB CODER - BOOTCAMP\\bootcamp\\Jesus-Rodriguez_Front-Final-Project-202201-MAD\\src\\components\\incidents\\EditIncident.vue","statementMap":{"0":{"start":{"line":81,"column":0},"end":{"line":81,"column":null}},"1":{"start":{"line":82,"column":0},"end":{"line":82,"column":null}},"2":{"start":{"line":83,"column":0},"end":{"line":83,"column":null}},"3":{"start":{"line":84,"column":0},"end":{"line":84,"column":null}},"4":{"start":{"line":86,"column":0},"end":{"line":86,"column":15}},"5":{"start":{"line":90,"column":4},"end":{"line":90,"column":11}},"6":{"start":{"line":128,"column":18},"end":{"line":128,"column":null}},"7":{"start":{"line":129,"column":19},"end":{"line":129,"column":null}},"8":{"start":{"line":131,"column":25},"end":{"line":131,"column":30}},"9":{"start":{"line":131,"column":61},"end":{"line":131,"column":62}},"10":{"start":{"line":132,"column":4},"end":{"line":132,"column":9}},"11":{"start":{"line":133,"column":4},"end":{"line":133,"column":9}},"12":{"start":{"line":134,"column":4},"end":{"line":134,"column":9}},"13":{"start":{"line":135,"column":4},"end":{"line":135,"column":9}},"14":{"start":{"line":136,"column":4},"end":{"line":136,"column":9}},"15":{"start":{"line":137,"column":4},"end":{"line":137,"column":9}},"16":{"start":{"line":138,"column":4},"end":{"line":138,"column":9}},"17":{"start":{"line":140,"column":4},"end":{"line":140,"column":9}},"18":{"start":{"line":146,"column":6},"end":{"line":146,"column":11}},"19":{"start":{"line":147,"column":6},"end":{"line":147,"column":11}}},"fnMap":{"0":{"name":"(anonymous_3)","decl":{"start":{"line":89,"column":6},"end":{"line":89,"column":null}},"loc":{"start":{"line":89,"column":6},"end":{"line":121,"column":null}}},"1":{"name":"(anonymous_4)","decl":{"start":{"line":127,"column":2},"end":{"line":127,"column":9}},"loc":{"start":{"line":127,"column":2},"end":{"line":141,"column":null}}},"2":{"name":"(anonymous_5)","decl":{"start":{"line":131,"column":49},"end":{"line":131,"column":50}},"loc":{"start":{"line":131,"column":56},"end":{"line":131,"column":null}}},"3":{"name":"(anonymous_6)","decl":{"start":{"line":145,"column":16},"end":{"line":145,"column":null}},"loc":{"start":{"line":145,"column":16},"end":{"line":148,"column":null}}}},"branchMap":{},"s":{"0":8,"1":8,"2":8,"3":8,"4":8,"5":1,"6":1,"7":1,"8":1,"9":0,"10":0,"11":0,"12":0,"13":0,"14":0,"15":0,"16":0,"17":0,"18":0,"19":0},"f":{"0":1,"1":1,"2":0,"3":0},"b":{}}
,"C:\\Users\\Jesus Rodriguez\\Documents\\SKYLAB CODER - BOOTCAMP\\bootcamp\\Jesus-Rodriguez_Front-Final-Project-202201-MAD\\src\\components\\incidents\\ListIncidents.vue": {"path":"C:\\Users\\Jesus Rodriguez\\Documents\\SKYLAB CODER - BOOTCAMP\\bootcamp\\Jesus-Rodriguez_Front-Final-Project-202201-MAD\\src\\components\\incidents\\ListIncidents.vue","statementMap":{"0":{"start":{"line":62,"column":0},"end":{"line":62,"column":null}},"1":{"start":{"line":63,"column":0},"end":{"line":63,"column":null}},"2":{"start":{"line":64,"column":0},"end":{"line":64,"column":null}},"3":{"start":{"line":65,"column":0},"end":{"line":65,"column":null}},"4":{"start":{"line":67,"column":0},"end":{"line":67,"column":15}},"5":{"start":{"line":71,"column":4},"end":{"line":71,"column":11}},"6":{"start":{"line":83,"column":6},"end":{"line":83,"column":11}},"7":{"start":{"line":92,"column":18},"end":{"line":92,"column":null}},"8":{"start":{"line":93,"column":19},"end":{"line":93,"column":null}},"9":{"start":{"line":94,"column":4},"end":{"line":94,"column":9}},"10":{"start":{"line":95,"column":4},"end":{"line":95,"column":9}}},"fnMap":{"0":{"name":"(anonymous_3)","decl":{"start":{"line":70,"column":6},"end":{"line":70,"column":null}},"loc":{"start":{"line":70,"column":6},"end":{"line":77,"column":null}}},"1":{"name":"(anonymous_4)","decl":{"start":{"line":82,"column":4},"end":{"line":82,"column":18}},"loc":{"start":{"line":82,"column":29},"end":{"line":84,"column":null}}},"2":{"name":"(anonymous_5)","decl":{"start":{"line":91,"column":9},"end":{"line":91,"column":null}},"loc":{"start":{"line":91,"column":9},"end":{"line":96,"column":null}}}},"branchMap":{},"s":{"0":8,"1":8,"2":8,"3":8,"4":8,"5":1,"6":0,"7":1,"8":1,"9":1,"10":1},"f":{"0":1,"1":0,"2":1},"b":{}}
,"C:\\Users\\Jesus Rodriguez\\Documents\\SKYLAB CODER - BOOTCAMP\\bootcamp\\Jesus-Rodriguez_Front-Final-Project-202201-MAD\\src\\components\\incidents\\NewIncidents.vue": {"path":"C:\\Users\\Jesus Rodriguez\\Documents\\SKYLAB CODER - BOOTCAMP\\bootcamp\\Jesus-Rodriguez_Front-Final-Project-202201-MAD\\src\\components\\incidents\\NewIncidents.vue","statementMap":{"0":{"start":{"line":86,"column":0},"end":{"line":86,"column":null}},"1":{"start":{"line":87,"column":0},"end":{"line":87,"column":null}},"2":{"start":{"line":88,"column":0},"end":{"line":88,"column":null}},"3":{"start":{"line":89,"column":0},"end":{"line":89,"column":null}},"4":{"start":{"line":91,"column":0},"end":{"line":91,"column":15}},"5":{"start":{"line":95,"column":4},"end":{"line":95,"column":11}},"6":{"start":{"line":136,"column":6},"end":{"line":136,"column":11}},"7":{"start":{"line":137,"column":6},"end":{"line":137,"column":11}},"8":{"start":{"line":142,"column":18},"end":{"line":142,"column":null}},"9":{"start":{"line":143,"column":19},"end":{"line":143,"column":null}},"10":{"start":{"line":144,"column":4},"end":{"line":144,"column":9}},"11":{"start":{"line":146,"column":4},"end":{"line":146,"column":9}},"12":{"start":{"line":147,"column":4},"end":{"line":147,"column":9}}},"fnMap":{"0":{"name":"(anonymous_3)","decl":{"start":{"line":94,"column":6},"end":{"line":94,"column":null}},"loc":{"start":{"line":94,"column":6},"end":{"line":125,"column":null}}},"1":{"name":"(anonymous_4)","decl":{"start":{"line":135,"column":16},"end":{"line":135,"column":null}},"loc":{"start":{"line":135,"column":16},"end":{"line":138,"column":null}}},"2":{"name":"(anonymous_5)","decl":{"start":{"line":141,"column":2},"end":{"line":141,"column":9}},"loc":{"start":{"line":141,"column":2},"end":{"line":148,"column":null}}}},"branchMap":{},"s":{"0":9,"1":9,"2":9,"3":9,"4":9,"5":1,"6":0,"7":0,"8":1,"9":1,"10":0,"11":0,"12":0},"f":{"0":1,"1":0,"2":1},"b":{}}
,"C:\\Users\\Jesus Rodriguez\\Documents\\SKYLAB CODER - BOOTCAMP\\bootcamp\\Jesus-Rodriguez_Front-Final-Project-202201-MAD\\src\\components\\login\\LoginPage.vue": {"path":"C:\\Users\\Jesus Rodriguez\\Documents\\SKYLAB CODER - BOOTCAMP\\bootcamp\\Jesus-Rodriguez_Front-Final-Project-202201-MAD\\src\\components\\login\\LoginPage.vue","statementMap":{"0":{"start":{"line":47,"column":0},"end":{"line":47,"column":null}},"1":{"start":{"line":48,"column":0},"end":{"line":48,"column":null}},"2":{"start":{"line":50,"column":0},"end":{"line":50,"column":15}},"3":{"start":{"line":53,"column":4},"end":{"line":53,"column":11}},"4":{"start":{"line":66,"column":4},"end":{"line":66,"column":9}},"5":{"start":{"line":71,"column":6},"end":{"line":71,"column":11}},"6":{"start":{"line":72,"column":6},"end":{"line":72,"column":11}}},"fnMap":{"0":{"name":"(anonymous_2)","decl":{"start":{"line":52,"column":6},"end":{"line":52,"column":null}},"loc":{"start":{"line":52,"column":6},"end":{"line":60,"column":null}}},"1":{"name":"(anonymous_3)","decl":{"start":{"line":64,"column":9},"end":{"line":64,"column":null}},"loc":{"start":{"line":64,"column":9},"end":{"line":67,"column":null}}},"2":{"name":"(anonymous_4)","decl":{"start":{"line":70,"column":16},"end":{"line":70,"column":null}},"loc":{"start":{"line":70,"column":16},"end":{"line":73,"column":null}}}},"branchMap":{},"s":{"0":9,"1":9,"2":9,"3":3,"4":3,"5":1,"6":1},"f":{"0":3,"1":3,"2":1},"b":{}}
,"C:\\Users\\Jesus Rodriguez\\Documents\\SKYLAB CODER - BOOTCAMP\\bootcamp\\Jesus-Rodriguez_Front-Final-Project-202201-MAD\\src\\components\\register\\RegisterPage.vue": {"path":"C:\\Users\\Jesus Rodriguez\\Documents\\SKYLAB CODER - BOOTCAMP\\bootcamp\\Jesus-Rodriguez_Front-Final-Project-202201-MAD\\src\\components\\register\\RegisterPage.vue","statementMap":{"0":{"start":{"line":101,"column":0},"end":{"line":101,"column":null}},"1":{"start":{"line":102,"column":0},"end":{"line":102,"column":null}},"2":{"start":{"line":103,"column":0},"end":{"line":103,"column":null}},"3":{"start":{"line":104,"column":0},"end":{"line":104,"column":null}},"4":{"start":{"line":105,"column":0},"end":{"line":105,"column":null}},"5":{"start":{"line":107,"column":0},"end":{"line":107,"column":15}},"6":{"start":{"line":110,"column":4},"end":{"line":110,"column":11}},"7":{"start":{"line":132,"column":4},"end":{"line":132,"column":16}},"8":{"start":{"line":133,"column":6},"end":{"line":133,"column":11}},"9":{"start":{"line":135,"column":21},"end":{"line":135,"column":25}},"10":{"start":{"line":136,"column":6},"end":{"line":136,"column":18}},"11":{"start":{"line":137,"column":8},"end":{"line":137,"column":23}},"12":{"start":{"line":138,"column":10},"end":{"line":138,"column":14}},"13":{"start":{"line":139,"column":10},"end":{"line":139,"column":14}},"14":{"start":{"line":144,"column":6},"end":{"line":144,"column":11}}},"fnMap":{"0":{"name":"(anonymous_2)","decl":{"start":{"line":109,"column":6},"end":{"line":109,"column":null}},"loc":{"start":{"line":109,"column":6},"end":{"line":126,"column":null}}},"1":{"name":"(anonymous_3)","decl":{"start":{"line":132,"column":4},"end":{"line":132,"column":16}},"loc":{"start":{"line":132,"column":4},"end":{"line":142,"column":null}}},"2":{"name":"(anonymous_4)","decl":{"start":{"line":136,"column":57},"end":{"line":136,"column":null}},"loc":{"start":{"line":136,"column":57},"end":{"line":141,"column":null}}},"3":{"name":"(anonymous_5)","decl":{"start":{"line":137,"column":36},"end":{"line":137,"column":37}},"loc":{"start":{"line":137,"column":48},"end":{"line":140,"column":null}}},"4":{"name":"(anonymous_6)","decl":{"start":{"line":143,"column":4},"end":{"line":143,"column":21}},"loc":{"start":{"line":143,"column":28},"end":{"line":145,"column":null}}}},"branchMap":{},"s":{"0":8,"1":8,"2":8,"3":8,"4":8,"5":8,"6":4,"7":1,"8":1,"9":1,"10":1,"11":0,"12":0,"13":0,"14":0},"f":{"0":4,"1":1,"2":0,"3":0,"4":0},"b":{}}
,"C:\\Users\\Jesus Rodriguez\\Documents\\SKYLAB CODER - BOOTCAMP\\bootcamp\\Jesus-Rodriguez_Front-Final-Project-202201-MAD\\src\\components\\user\\EditUser.vue": {"path":"C:\\Users\\Jesus Rodriguez\\Documents\\SKYLAB CODER - BOOTCAMP\\bootcamp\\Jesus-Rodriguez_Front-Final-Project-202201-MAD\\src\\components\\user\\EditUser.vue","statementMap":{"0":{"start":{"line":70,"column":0},"end":{"line":70,"column":null}},"1":{"start":{"line":71,"column":0},"end":{"line":71,"column":null}},"2":{"start":{"line":72,"column":0},"end":{"line":72,"column":null}},"3":{"start":{"line":73,"column":0},"end":{"line":73,"column":null}},"4":{"start":{"line":74,"column":0},"end":{"line":74,"column":null}},"5":{"start":{"line":75,"column":0},"end":{"line":75,"column":null}},"6":{"start":{"line":77,"column":0},"end":{"line":77,"column":15}},"7":{"start":{"line":81,"column":4},"end":{"line":81,"column":11}},"8":{"start":{"line":102,"column":4},"end":{"line":113,"column":null}},"9":{"start":{"line":103,"column":6},"end":{"line":103,"column":11}},"10":{"start":{"line":104,"column":6},"end":{"line":104,"column":11}},"11":{"start":{"line":105,"column":6},"end":{"line":105,"column":11}},"12":{"start":{"line":106,"column":6},"end":{"line":106,"column":11}},"13":{"start":{"line":107,"column":6},"end":{"line":107,"column":11}},"14":{"start":{"line":108,"column":6},"end":{"line":108,"column":11}},"15":{"start":{"line":109,"column":6},"end":{"line":109,"column":11}},"16":{"start":{"line":110,"column":6},"end":{"line":110,"column":11}},"17":{"start":{"line":112,"column":6},"end":{"line":112,"column":11}},"18":{"start":{"line":117,"column":6},"end":{"line":117,"column":11}},"19":{"start":{"line":118,"column":6},"end":{"line":118,"column":11}},"20":{"start":{"line":119,"column":6},"end":{"line":119,"column":11}},"21":{"start":{"line":120,"column":6},"end":{"line":120,"column":11}},"22":{"start":{"line":121,"column":6},"end":{"line":121,"column":11}},"23":{"start":{"line":122,"column":6},"end":{"line":122,"column":11}},"24":{"start":{"line":123,"column":6},"end":{"line":123,"column":11}},"25":{"start":{"line":124,"column":6},"end":{"line":124,"column":11}},"26":{"start":{"line":126,"column":6},"end":{"line":126,"column":11}},"27":{"start":{"line":133,"column":6},"end":{"line":133,"column":11}},"28":{"start":{"line":135,"column":4},"end":{"line":135,"column":16}},"29":{"start":{"line":136,"column":6},"end":{"line":136,"column":11}},"30":{"start":{"line":137,"column":21},"end":{"line":137,"column":25}},"31":{"start":{"line":138,"column":6},"end":{"line":138,"column":18}},"32":{"start":{"line":139,"column":8},"end":{"line":139,"column":23}},"33":{"start":{"line":140,"column":10},"end":{"line":144,"column":null}},"34":{"start":{"line":141,"column":12},"end":{"line":141,"column":16}},"35":{"start":{"line":143,"column":12},"end":{"line":143,"column":16}},"36":{"start":{"line":146,"column":10},"end":{"line":146,"column":14}}},"fnMap":{"0":{"name":"(anonymous_3)","decl":{"start":{"line":80,"column":6},"end":{"line":80,"column":null}},"loc":{"start":{"line":80,"column":6},"end":{"line":97,"column":null}}},"1":{"name":"(anonymous_4)","decl":{"start":{"line":101,"column":9},"end":{"line":101,"column":null}},"loc":{"start":{"line":101,"column":9},"end":{"line":114,"column":null}}},"2":{"name":"(anonymous_5)","decl":{"start":{"line":116,"column":12},"end":{"line":116,"column":null}},"loc":{"start":{"line":116,"column":12},"end":{"line":127,"column":null}}},"3":{"name":"(anonymous_6)","decl":{"start":{"line":132,"column":4},"end":{"line":132,"column":21}},"loc":{"start":{"line":132,"column":28},"end":{"line":134,"column":null}}},"4":{"name":"(anonymous_7)","decl":{"start":{"line":135,"column":4},"end":{"line":135,"column":16}},"loc":{"start":{"line":135,"column":4},"end":{"line":149,"column":null}}},"5":{"name":"(anonymous_8)","decl":{"start":{"line":138,"column":57},"end":{"line":138,"column":null}},"loc":{"start":{"line":138,"column":57},"end":{"line":148,"column":null}}},"6":{"name":"(anonymous_9)","decl":{"start":{"line":139,"column":36},"end":{"line":139,"column":37}},"loc":{"start":{"line":139,"column":48},"end":{"line":147,"column":null}}}},"branchMap":{"0":{"loc":{"start":{"line":102,"column":4},"end":{"line":113,"column":null}},"type":"if","locations":[{"start":{"line":102,"column":4},"end":{"line":113,"column":null}}]},"1":{"loc":{"start":{"line":140,"column":10},"end":{"line":144,"column":null}},"type":"if","locations":[{"start":{"line":140,"column":10},"end":{"line":144,"column":null}},{"start":{"line":142,"column":17},"end":{"line":144,"column":null}}]}},"s":{"0":8,"1":8,"2":8,"3":8,"4":8,"5":8,"6":8,"7":1,"8":1,"9":0,"10":0,"11":0,"12":0,"13":0,"14":0,"15":0,"16":0,"17":0,"18":0,"19":0,"20":0,"21":0,"22":0,"23":0,"24":0,"25":0,"26":0,"27":0,"28":0,"29":0,"30":0,"31":0,"32":0,"33":0,"34":0,"35":0,"36":0},"f":{"0":1,"1":1,"2":0,"3":0,"4":0,"5":0,"6":0},"b":{"0":[0],"1":[0,0]}}
,"C:\\Users\\Jesus Rodriguez\\Documents\\SKYLAB CODER - BOOTCAMP\\bootcamp\\Jesus-Rodriguez_Front-Final-Project-202201-MAD\\src\\components\\user\\UserDetail.vue": {"path":"C:\\Users\\Jesus Rodriguez\\Documents\\SKYLAB CODER - BOOTCAMP\\bootcamp\\Jesus-Rodriguez_Front-Final-Project-202201-MAD\\src\\components\\user\\UserDetail.vue","statementMap":{"0":{"start":{"line":20,"column":0},"end":{"line":20,"column":null}},"1":{"start":{"line":21,"column":0},"end":{"line":21,"column":null}},"2":{"start":{"line":23,"column":0},"end":{"line":23,"column":15}},"3":{"start":{"line":26,"column":4},"end":{"line":26,"column":11}},"4":{"start":{"line":42,"column":6},"end":{"line":42,"column":11}}},"fnMap":{"0":{"name":"(anonymous_2)","decl":{"start":{"line":25,"column":6},"end":{"line":25,"column":null}},"loc":{"start":{"line":25,"column":6},"end":{"line":32,"column":null}}},"1":{"name":"(anonymous_3)","decl":{"start":{"line":41,"column":16},"end":{"line":41,"column":null}},"loc":{"start":{"line":41,"column":16},"end":{"line":43,"column":null}}}},"branchMap":{},"s":{"0":12,"1":12,"2":12,"3":1,"4":0},"f":{"0":1,"1":0},"b":{}}
,"C:\\Users\\Jesus Rodriguez\\Documents\\SKYLAB CODER - BOOTCAMP\\bootcamp\\Jesus-Rodriguez_Front-Final-Project-202201-MAD\\src\\router\\index.ts": {"path":"C:\\Users\\Jesus Rodriguez\\Documents\\SKYLAB CODER - BOOTCAMP\\bootcamp\\Jesus-Rodriguez_Front-Final-Project-202201-MAD\\src\\router\\index.ts","statementMap":{"0":{"start":{"line":1,"column":0},"end":{"line":1,"column":null}},"1":{"start":{"line":2,"column":0},"end":{"line":2,"column":null}},"2":{"start":{"line":3,"column":0},"end":{"line":3,"column":null}},"3":{"start":{"line":4,"column":0},"end":{"line":4,"column":null}},"4":{"start":{"line":5,"column":0},"end":{"line":5,"column":null}},"5":{"start":{"line":6,"column":0},"end":{"line":6,"column":null}},"6":{"start":{"line":7,"column":0},"end":{"line":7,"column":null}},"7":{"start":{"line":8,"column":0},"end":{"line":8,"column":null}},"8":{"start":{"line":9,"column":0},"end":{"line":9,"column":null}},"9":{"start":{"line":10,"column":0},"end":{"line":10,"column":null}},"10":{"start":{"line":11,"column":0},"end":{"line":11,"column":null}},"11":{"start":{"line":12,"column":0},"end":{"line":12,"column":null}},"12":{"start":{"line":13,"column":0},"end":{"line":13,"column":null}},"13":{"start":{"line":15,"column":13},"end":{"line":15,"column":45}},"14":{"start":{"line":31,"column":15},"end":{"line":31,"column":28}},"15":{"start":{"line":36,"column":0},"end":{"line":36,"column":15}}},"fnMap":{},"branchMap":{},"s":{"0":8,"1":8,"2":8,"3":8,"4":8,"5":8,"6":8,"7":8,"8":8,"9":8,"10":8,"11":8,"12":8,"13":8,"14":8,"15":8},"f":{},"b":{}}
}
