{"C:\\Users\\Jesus Rodriguez\\Documents\\SKYLAB CODER - BOOTCAMP\\bootcamp\\Jesus-Rodriguez_Front-Final-Project-202201-MAD\\src\\components\\incidents\\NewIncidents.vue": {"path":"C:\\Users\\Jesus Rodriguez\\Documents\\SKYLAB CODER - BOOTCAMP\\bootcamp\\Jesus-Rodriguez_Front-Final-Project-202201-MAD\\src\\components\\incidents\\NewIncidents.vue","statementMap":{"0":{"start":{"line":73,"column":0},"end":{"line":73,"column":null}},"1":{"start":{"line":75,"column":0},"end":{"line":75,"column":15}},"2":{"start":{"line":77,"column":4},"end":{"line":77,"column":11}},"3":{"start":{"line":113,"column":6},"end":{"line":113,"column":11}},"4":{"start":{"line":114,"column":6},"end":{"line":114,"column":11}}},"fnMap":{"0":{"name":"(anonymous_2)","decl":{"start":{"line":76,"column":6},"end":{"line":76,"column":null}},"loc":{"start":{"line":76,"column":6},"end":{"line":106,"column":null}}},"1":{"name":"(anonymous_3)","decl":{"start":{"line":112,"column":16},"end":{"line":112,"column":null}},"loc":{"start":{"line":112,"column":16},"end":{"line":115,"column":null}}}},"branchMap":{},"s":{"0":1,"1":1,"2":1,"3":1,"4":1},"f":{"0":1,"1":1},"b":{}}
,"C:\\Users\\Jesus Rodriguez\\Documents\\SKYLAB CODER - BOOTCAMP\\bootcamp\\Jesus-Rodriguez_Front-Final-Project-202201-MAD\\src\\components\\login\\LoginPage.vue": {"path":"C:\\Users\\Jesus Rodriguez\\Documents\\SKYLAB CODER - BOOTCAMP\\bootcamp\\Jesus-Rodriguez_Front-Final-Project-202201-MAD\\src\\components\\login\\LoginPage.vue","statementMap":{"0":{"start":{"line":45,"column":0},"end":{"line":45,"column":null}},"1":{"start":{"line":47,"column":0},"end":{"line":47,"column":15}},"2":{"start":{"line":49,"column":4},"end":{"line":49,"column":11}},"3":{"start":{"line":62,"column":4},"end":{"line":62,"column":9}},"4":{"start":{"line":67,"column":6},"end":{"line":67,"column":11}},"5":{"start":{"line":68,"column":6},"end":{"line":68,"column":11}}},"fnMap":{"0":{"name":"(anonymous_2)","decl":{"start":{"line":48,"column":6},"end":{"line":48,"column":null}},"loc":{"start":{"line":48,"column":6},"end":{"line":56,"column":null}}},"1":{"name":"(anonymous_3)","decl":{"start":{"line":60,"column":9},"end":{"line":60,"column":null}},"loc":{"start":{"line":60,"column":9},"end":{"line":63,"column":null}}},"2":{"name":"(anonymous_4)","decl":{"start":{"line":66,"column":16},"end":{"line":66,"column":17}},"loc":{"start":{"line":66,"column":18},"end":{"line":69,"column":null}}}},"branchMap":{},"s":{"0":1,"1":1,"2":1,"3":1,"4":1,"5":1},"f":{"0":1,"1":1,"2":1},"b":{}}
,"C:\\Users\\Jesus Rodriguez\\Documents\\SKYLAB CODER - BOOTCAMP\\bootcamp\\Jesus-Rodriguez_Front-Final-Project-202201-MAD\\src\\components\\register\\RegisterPage.vue": {"path":"C:\\Users\\Jesus Rodriguez\\Documents\\SKYLAB CODER - BOOTCAMP\\bootcamp\\Jesus-Rodriguez_Front-Final-Project-202201-MAD\\src\\components\\register\\RegisterPage.vue","statementMap":{"0":{"start":{"line":80,"column":0},"end":{"line":80,"column":null}},"1":{"start":{"line":82,"column":0},"end":{"line":82,"column":15}},"2":{"start":{"line":84,"column":4},"end":{"line":84,"column":11}},"3":{"start":{"line":104,"column":6},"end":{"line":104,"column":11}},"4":{"start":{"line":105,"column":6},"end":{"line":105,"column":11}}},"fnMap":{"0":{"name":"(anonymous_2)","decl":{"start":{"line":83,"column":6},"end":{"line":83,"column":null}},"loc":{"start":{"line":83,"column":6},"end":{"line":97,"column":null}}},"1":{"name":"(anonymous_3)","decl":{"start":{"line":103,"column":16},"end":{"line":103,"column":null}},"loc":{"start":{"line":103,"column":16},"end":{"line":106,"column":null}}}},"branchMap":{},"s":{"0":1,"1":1,"2":1,"3":1,"4":1},"f":{"0":1,"1":1},"b":{}}
}
