TN:
SF:src\firebase.ts
FNF:0
FNH:0
DA:1,10
DA:2,10
DA:3,10
DA:8,10
DA:18,10
DA:20,10
LF:6
LH:6
BRF:0
BRH:0
end_of_record
TN:
SF:src\_services\apartment.service.ts
FN:8,newApartment
FN:16,getAllApartments
FN:20,getApartment
FN:28,deleteApartment
FN:36,updateApartment
FN:45,addTenant
FNF:6
FNH:6
FNDA:1,newApartment
FNDA:1,getAllApartments
FNDA:1,getApartment
FNDA:1,deleteApartment
FNDA:1,updateApartment
FNDA:1,addTenant
DA:1,1
DA:3,1
DA:5,1
DA:6,1
DA:8,1
DA:9,1
DA:16,1
DA:17,1
DA:20,1
DA:21,1
DA:28,1
DA:29,1
DA:36,1
DA:37,1
DA:38,1
DA:45,1
DA:46,1
DA:47,1
DA:48,1
LF:19
LH:19
BRF:0
BRH:0
end_of_record
TN:
SF:src\_services\incident.service.ts
FN:7,newIncident
FN:15,getIncidentsByHome
FN:23,deleteIncident
FN:31,updateIncident
FNF:4
FNH:4
FNDA:1,newIncident
FNDA:1,getIncidentsByHome
FNDA:1,deleteIncident
FNDA:1,updateIncident
DA:1,1
DA:2,1
DA:5,1
DA:7,1
DA:8,1
DA:15,1
DA:16,1
DA:23,1
DA:24,1
DA:31,1
DA:32,1
DA:33,1
LF:12
LH:12
BRF:0
BRH:0
end_of_record
TN:
SF:src\_services\user.service.ts
FN:9,login
FN:12,register
FN:16,loginWithToken
FN:28,logout
FN:33,updateUser
FN:43,getUserById
FNF:6
FNH:5
FNDA:1,login
FNDA:1,register
FNDA:1,loginWithToken
FNDA:0,logout
FNDA:1,updateUser
FNDA:1,getUserById
DA:1,1
DA:2,1
DA:5,1
DA:6,1
DA:7,1
DA:9,1
DA:10,1
DA:12,1
DA:13,1
DA:16,1
DA:17,1
DA:28,1
DA:30,0
DA:33,1
DA:35,1
DA:36,1
DA:43,1
DA:44,1
LF:18
LH:17
BRF:0
BRH:0
end_of_record
TN:
SF:src\_utils\helper.ts
FN:1,getToken
FNF:1
FNH:1
FNDA:7,getToken
DA:1,3
DA:2,7
LF:2
LH:2
BRF:0
BRH:0
end_of_record
TN:
SF:src\components\apartments\AddTenant.vue
FN:50,(anonymous_3)
FN:66,(anonymous_4)
FN:72,(anonymous_5)
FN:80,(anonymous_6)
FN:86,(anonymous_7)
FN:88,(anonymous_8)
FNF:6
FNH:6
FNDA:3,(anonymous_3)
FNDA:2,(anonymous_4)
FNDA:3,(anonymous_5)
FNDA:3,(anonymous_6)
FNDA:1,(anonymous_7)
FNDA:1,(anonymous_8)
DA:41,10
DA:42,10
DA:43,10
DA:45,10
DA:47,10
DA:51,3
DA:67,2
DA:68,2
DA:73,3
DA:74,3
DA:75,3
DA:76,3
DA:78,3
DA:79,3
DA:80,3
DA:87,1
DA:88,1
LF:17
LH:17
BRDA:75,0,0,3
BRDA:78,1,0,3
BRF:2
BRH:2
end_of_record
TN:
SF:src\components\apartments\EditApartment.vue
FN:78,(anonymous_3)
FN:99,(anonymous_4)
FN:119,(anonymous_5)
FN:125,(anonymous_6)
FN:137,(anonymous_7)
FN:140,(anonymous_8)
FN:143,(anonymous_9)
FN:144,(anonymous_10)
FNF:8
FNH:5
FNDA:2,(anonymous_3)
FNDA:2,(anonymous_4)
FNDA:0,(anonymous_5)
FNDA:0,(anonymous_6)
FNDA:0,(anonymous_7)
FNDA:1,(anonymous_8)
FNDA:1,(anonymous_9)
FNDA:1,(anonymous_10)
DA:67,10
DA:68,10
DA:69,10
DA:70,10
DA:71,10
DA:72,10
DA:73,10
DA:75,10
DA:79,2
DA:100,2
DA:101,2
DA:102,2
DA:103,2
DA:104,2
DA:105,2
DA:106,2
DA:107,2
DA:108,2
DA:110,2
DA:113,2
DA:114,2
DA:120,0
DA:121,0
DA:122,0
DA:123,0
DA:127,0
DA:138,0
DA:140,1
DA:141,1
DA:142,1
DA:143,1
DA:144,1
DA:145,1
DA:146,1
DA:148,0
DA:151,1
LF:36
LH:29
BRDA:102,0,0,2
BRDA:102,1,0,2
BRDA:102,1,1,2
BRDA:113,2,0,2
BRDA:145,3,0,1
BRDA:145,3,1,0
BRF:6
BRH:5
end_of_record
TN:
SF:src\components\apartments\HomeCard.vue
FN:53,(anonymous_2)
FNF:1
FNH:1
FNDA:1,(anonymous_2)
DA:48,12
DA:49,12
DA:51,12
DA:54,1
LF:4
LH:4
BRF:0
BRH:0
end_of_record
TN:
SF:src\components\apartments\HomeDetail.vue
FN:119,(anonymous_3)
FN:138,(anonymous_4)
FN:142,(anonymous_5)
FNF:3
FNH:2
FNDA:1,(anonymous_3)
FNDA:0,(anonymous_4)
FNDA:1,(anonymous_5)
DA:111,10
DA:112,10
DA:113,10
DA:114,10
DA:116,10
DA:120,1
DA:139,0
DA:143,1
DA:144,1
DA:145,1
LF:10
LH:9
BRF:0
BRH:0
end_of_record
TN:
SF:src\components\apartments\HomePage.vue
FN:38,(anonymous_3)
FN:52,(anonymous_4)
FNF:2
FNH:2
FNDA:1,(anonymous_3)
FNDA:1,(anonymous_4)
DA:31,11
DA:32,11
DA:33,11
DA:34,11
DA:35,11
DA:37,11
DA:39,1
DA:53,1
DA:54,1
DA:56,0
DA:57,0
LF:11
LH:9
BRDA:53,0,0,1
BRDA:53,0,1,0
BRF:2
BRH:1
end_of_record
TN:
SF:src\components\apartments\MyApartmentsActions.vue
FNF:0
FNH:0
DA:21,11
DA:22,11
DA:24,11
LF:3
LH:3
BRF:0
BRH:0
end_of_record
TN:
SF:src\components\apartments\NewApartment.vue
FN:71,(anonymous_3)
FN:91,(anonymous_4)
FN:99,(anonymous_5)
FN:107,(anonymous_6)
FN:111,(anonymous_7)
FN:112,(anonymous_8)
FN:124,(anonymous_9)
FNF:7
FNH:5
FNDA:2,(anonymous_3)
FNDA:2,(anonymous_4)
FNDA:0,(anonymous_5)
FNDA:1,(anonymous_6)
FNDA:1,(anonymous_7)
FNDA:1,(anonymous_8)
FNDA:0,(anonymous_9)
DA:60,10
DA:61,10
DA:62,10
DA:63,10
DA:64,10
DA:66,10
DA:68,10
DA:72,2
DA:92,2
DA:94,2
DA:101,0
DA:107,1
DA:108,1
DA:110,1
DA:111,1
DA:112,1
DA:113,1
DA:114,1
DA:117,0
DA:120,1
DA:125,0
LF:21
LH:18
BRDA:92,0,0,2
BRDA:113,1,0,1
BRDA:113,1,1,0
BRF:3
BRH:2
end_of_record
TN:
SF:src\components\incidents\EditIncident.vue
FN:89,(anonymous_3)
FN:127,(anonymous_4)
FN:132,(anonymous_5)
FN:151,(anonymous_6)
FNF:4
FNH:4
FNDA:2,(anonymous_3)
FNDA:2,(anonymous_4)
FNDA:2,(anonymous_5)
FNDA:1,(anonymous_6)
DA:81,10
DA:82,10
DA:83,10
DA:84,10
DA:86,10
DA:90,2
DA:128,2
DA:129,2
DA:130,2
DA:132,2
DA:134,2
DA:135,2
DA:136,2
DA:137,2
DA:138,2
DA:139,2
DA:140,2
DA:141,2
DA:143,2
DA:145,2
DA:152,1
DA:153,1
LF:22
LH:22
BRDA:132,0,0,0
BRDA:132,0,1,2
BRDA:132,1,0,2
BRDA:132,1,1,2
BRDA:132,2,0,0
BRDA:132,2,1,2
BRDA:132,3,0,2
BRDA:132,3,1,2
BRDA:135,4,0,2
BRDA:143,5,0,2
BRDA:143,6,0,2
BRDA:143,6,1,2
BRF:12
BRH:10
end_of_record
TN:
SF:src\components\incidents\ListIncidents.vue
FN:70,(anonymous_3)
FN:82,(anonymous_4)
FN:91,(anonymous_5)
FNF:3
FNH:2
FNDA:1,(anonymous_3)
FNDA:0,(anonymous_4)
FNDA:1,(anonymous_5)
DA:62,10
DA:63,10
DA:64,10
DA:65,10
DA:67,10
DA:71,1
DA:83,0
DA:92,1
DA:93,1
DA:94,1
DA:95,1
LF:11
LH:10
BRF:0
BRH:0
end_of_record
TN:
SF:src\components\incidents\NewIncidents.vue
FN:94,(anonymous_3)
FN:135,(anonymous_4)
FN:141,(anonymous_5)
FNF:3
FNH:2
FNDA:1,(anonymous_3)
FNDA:0,(anonymous_4)
FNDA:1,(anonymous_5)
DA:86,10
DA:87,10
DA:88,10
DA:89,10
DA:91,10
DA:95,1
DA:136,0
DA:137,0
DA:142,1
DA:143,1
DA:144,1
DA:146,1
DA:147,0
LF:13
LH:10
BRF:0
BRH:0
end_of_record
TN:
SF:src\components\login\LoginPage.vue
FN:55,(anonymous_2)
FN:67,(anonymous_3)
FN:73,(anonymous_4)
FNF:3
FNH:3
FNDA:3,(anonymous_2)
FNDA:3,(anonymous_3)
FNDA:1,(anonymous_4)
DA:50,11
DA:51,11
DA:53,11
DA:56,3
DA:69,3
DA:74,1
DA:75,1
LF:7
LH:7
BRF:0
BRH:0
end_of_record
TN:
SF:src\components\register\RegisterPage.vue
FN:109,(anonymous_2)
FN:132,(anonymous_3)
FN:136,(anonymous_4)
FN:137,(anonymous_5)
FN:143,(anonymous_6)
FNF:5
FNH:4
FNDA:3,(anonymous_2)
FNDA:1,(anonymous_3)
FNDA:1,(anonymous_4)
FNDA:1,(anonymous_5)
FNDA:0,(anonymous_6)
DA:101,10
DA:102,10
DA:103,10
DA:104,10
DA:105,10
DA:107,10
DA:110,3
DA:132,1
DA:133,1
DA:135,1
DA:136,1
DA:137,1
DA:138,1
DA:139,1
DA:144,0
LF:15
LH:14
BRF:0
BRH:0
end_of_record
TN:
SF:src\components\user\EditUser.vue
FN:80,(anonymous_3)
FN:101,(anonymous_4)
FN:116,(anonymous_5)
FN:132,(anonymous_6)
FN:135,(anonymous_7)
FN:138,(anonymous_8)
FN:139,(anonymous_9)
FNF:7
FNH:6
FNDA:2,(anonymous_3)
FNDA:2,(anonymous_4)
FNDA:1,(anonymous_5)
FNDA:0,(anonymous_6)
FNDA:1,(anonymous_7)
FNDA:1,(anonymous_8)
FNDA:1,(anonymous_9)
DA:70,10
DA:71,10
DA:72,10
DA:73,10
DA:74,10
DA:75,10
DA:77,10
DA:81,2
DA:102,2
DA:103,2
DA:104,2
DA:105,2
DA:106,2
DA:107,2
DA:108,2
DA:109,2
DA:110,2
DA:112,2
DA:117,1
DA:118,1
DA:119,1
DA:120,1
DA:121,1
DA:122,1
DA:123,1
DA:124,1
DA:126,1
DA:133,0
DA:135,1
DA:136,1
DA:137,1
DA:138,1
DA:139,1
DA:140,1
DA:141,1
DA:143,0
DA:145,1
DA:146,1
LF:38
LH:36
BRDA:102,0,0,2
BRDA:140,1,0,1
BRDA:140,1,1,0
BRF:3
BRH:2
end_of_record
TN:
SF:src\components\user\UserDetail.vue
FN:28,(anonymous_2)
FN:44,(anonymous_3)
FNF:2
FNH:1
FNDA:3,(anonymous_2)
FNDA:0,(anonymous_3)
DA:23,12
DA:24,12
DA:26,12
DA:29,3
DA:45,0
LF:5
LH:4
BRF:0
BRH:0
end_of_record
TN:
SF:src\router\index.ts
FNF:0
FNH:0
DA:1,10
DA:2,10
DA:3,10
DA:4,10
DA:5,10
DA:6,10
DA:7,10
DA:8,10
DA:9,10
DA:10,10
DA:11,10
DA:12,10
DA:13,10
DA:15,10
DA:31,10
DA:36,10
LF:16
LH:16
BRF:0
BRH:0
end_of_record
