TN:
SF:src\components\incidents\NewIncidents.vue
FN:76,(anonymous_2)
FN:112,(anonymous_3)
FNF:2
FNH:2
FNDA:1,(anonymous_2)
FNDA:1,(anonymous_3)
DA:73,1
DA:75,1
DA:77,1
DA:113,1
DA:114,1
LF:5
LH:5
BRF:0
BRH:0
end_of_record
TN:
SF:src\components\login\LoginPage.vue
FN:48,(anonymous_2)
FN:60,(anonymous_3)
FN:66,(anonymous_4)
FNF:3
FNH:3
FNDA:1,(anonymous_2)
FNDA:1,(anonymous_3)
FNDA:1,(anonymous_4)
DA:45,1
DA:47,1
DA:49,1
DA:62,1
DA:67,1
DA:68,1
LF:6
LH:6
BRF:0
BRH:0
end_of_record
TN:
SF:src\components\register\RegisterPage.vue
FN:83,(anonymous_2)
FN:103,(anonymous_3)
FNF:2
FNH:2
FNDA:1,(anonymous_2)
FNDA:1,(anonymous_3)
DA:80,1
DA:82,1
DA:84,1
DA:104,1
DA:105,1
LF:5
LH:5
BRF:0
BRH:0
end_of_record
